19:52:32  DEBUG org.testng.TestNG - suiteXmlPath: "C:\Users\julia\Documents\QA\QA_Automation\QA\QA37W_Trello\src\test\resources\board.xml"
19:52:33  DEBUG org.testng.internal.Graph - [Graph] ADDING NODE TestBase.setUp()[pri:0, instance:null] 2045031788
19:52:33  DEBUG org.testng.internal.Graph - [Graph] ================ SORTING
19:52:33  DEBUG org.testng.internal.Graph - [Graph] =============== DONE SORTING
19:52:33  DEBUG org.testng.internal.Graph - [Graph] ====== SORTED NODES
19:52:33  DEBUG org.testng.internal.Graph - [Graph] ====== END SORTED NODES
19:52:33  DEBUG org.testng.internal.Graph - [Graph] ADDING NODE TestBase.stop()[pri:0, instance:null] 2136378353
19:52:33  DEBUG org.testng.internal.Graph - [Graph] ================ SORTING
19:52:33  DEBUG org.testng.internal.Graph - [Graph] =============== DONE SORTING
19:52:33  DEBUG org.testng.internal.Graph - [Graph] ====== SORTED NODES
19:52:33  DEBUG org.testng.internal.Graph - [Graph] ====== END SORTED NODES
19:52:33  DEBUG org.testng.internal.Graph - [Graph] ADDING NODE TestBase.startLogger(java.lang.reflect.Method)[pri:0, instance:null] -68692127
19:52:33  DEBUG org.testng.internal.Graph - [Graph] ================ SORTING
19:52:33  DEBUG org.testng.internal.Graph - [Graph] =============== DONE SORTING
19:52:33  DEBUG org.testng.internal.Graph - [Graph] ====== SORTED NODES
19:52:33  DEBUG org.testng.internal.Graph - [Graph] ====== END SORTED NODES
19:52:33  DEBUG org.testng.internal.Graph - [Graph] ADDING NODE TestBase.finishLog()[pri:0, instance:null] 1549693568
19:52:33  DEBUG org.testng.internal.Graph - [Graph] ================ SORTING
19:52:33  DEBUG org.testng.internal.Graph - [Graph] =============== DONE SORTING
19:52:33  DEBUG org.testng.internal.Graph - [Graph] ====== SORTED NODES
19:52:33  DEBUG org.testng.internal.Graph - [Graph] ====== END SORTED NODES
19:52:33  DEBUG org.testng.internal.Graph - [Graph] ADDING NODE TestBase.setUp()[pri:0, instance:tests.BoardDeletion2@2b34d5b3] -303641145
19:52:33  DEBUG org.testng.internal.Graph - [Graph] ================ SORTING
19:52:33  DEBUG org.testng.internal.Graph - [Graph] =============== DONE SORTING
19:52:33  DEBUG org.testng.internal.Graph - [Graph] ====== SORTED NODES
19:52:33  DEBUG org.testng.internal.Graph - [Graph] ====== END SORTED NODES
19:52:33  DEBUG org.testng.internal.Graph - [Graph] ADDING NODE BoardDeletion2.boardDeletion1()[pri:0, instance:tests.BoardDeletion2@2b34d5b3] -2107687042
19:52:33  DEBUG org.testng.internal.Graph - [Graph] ADDING NODE BoardDeletion2.boardDeletion2()[pri:0, instance:tests.BoardDeletion2@2b34d5b3] -2107687073
19:52:33  DEBUG org.testng.internal.Graph - [Graph] ================ SORTING
19:52:33  DEBUG org.testng.internal.Graph - [Graph] =============== DONE SORTING
19:52:33  DEBUG org.testng.internal.Graph - [Graph] ====== SORTED NODES
19:52:33  DEBUG org.testng.internal.Graph - [Graph] ====== END SORTED NODES
19:52:33  DEBUG org.testng.internal.Graph - [Graph] ADDING NODE TestBase.stop()[pri:0, instance:tests.BoardDeletion2@2b34d5b3] -1766864926
19:52:33  DEBUG org.testng.internal.Graph - [Graph] ================ SORTING
19:52:33  DEBUG org.testng.internal.Graph - [Graph] =============== DONE SORTING
19:52:33  DEBUG org.testng.internal.Graph - [Graph] ====== SORTED NODES
19:52:33  DEBUG org.testng.internal.Graph - [Graph] ====== END SORTED NODES
19:52:33  DEBUG i.n.u.i.l.InternalLoggerFactory - Using SLF4J as the default logging framework
19:52:33  DEBUG io.netty.util.ResourceLeakDetector - -Dio.netty.leakDetection.level: simple
19:52:33  DEBUG io.netty.util.ResourceLeakDetector - -Dio.netty.leakDetection.targetRecords: 4
19:52:33  DEBUG i.n.util.ResourceLeakDetectorFactory - Loaded default ResourceLeakDetector: io.netty.util.ResourceLeakDetector@4227988b
19:52:33  DEBUG i.n.util.internal.PlatformDependent0 - -Dio.netty.noUnsafe: false
19:52:33  DEBUG i.n.util.internal.PlatformDependent0 - Java version: 8
19:52:33  DEBUG i.n.util.internal.PlatformDependent0 - sun.misc.Unsafe.theUnsafe: available
19:52:33  DEBUG i.n.util.internal.PlatformDependent0 - sun.misc.Unsafe.copyMemory: available
19:52:33  DEBUG i.n.util.internal.PlatformDependent0 - sun.misc.Unsafe.storeFence: available
19:52:33  DEBUG i.n.util.internal.PlatformDependent0 - java.nio.Buffer.address: available
19:52:33  DEBUG i.n.util.internal.PlatformDependent0 - direct buffer constructor: available
19:52:33  DEBUG i.n.util.internal.PlatformDependent0 - java.nio.Bits.unaligned: available, true
19:52:33  DEBUG i.n.util.internal.PlatformDependent0 - jdk.internal.misc.Unsafe.allocateUninitializedArray(int): unavailable prior to Java9
19:52:33  DEBUG i.n.util.internal.PlatformDependent0 - java.nio.DirectByteBuffer.<init>(long, int): available
19:52:33  DEBUG i.n.util.internal.PlatformDependent - sun.misc.Unsafe: available
19:52:33  DEBUG i.n.util.internal.PlatformDependent - -Dio.netty.tmpdir: C:\Users\julia\AppData\Local\Temp (java.io.tmpdir)
19:52:33  DEBUG i.n.util.internal.PlatformDependent - -Dio.netty.bitMode: 64 (sun.arch.data.model)
19:52:33  DEBUG i.n.util.internal.PlatformDependent - Platform: Windows
19:52:33  DEBUG i.n.util.internal.PlatformDependent - -Dio.netty.maxDirectMemory: 477626368 bytes
19:52:33  DEBUG i.n.util.internal.PlatformDependent - -Dio.netty.uninitializedArrayAllocationThreshold: -1
19:52:33  DEBUG io.netty.util.internal.CleanerJava6 - java.nio.ByteBuffer.cleaner(): available
19:52:33  DEBUG i.n.util.internal.PlatformDependent - -Dio.netty.noPreferDirect: false
19:52:33  DEBUG i.n.util.internal.PlatformDependent - org.jctools-core.MpscChunkedArrayQueue: available
19:52:33  DEBUG i.n.u.i.InternalThreadLocalMap - -Dio.netty.threadLocalMap.stringBuilder.initialSize: 1024
19:52:33  DEBUG i.n.u.i.InternalThreadLocalMap - -Dio.netty.threadLocalMap.stringBuilder.maxSize: 4096
19:52:33  DEBUG io.netty.handler.ssl.JdkSslContext - Default protocols (JDK): [TLSv1.2] 
19:52:33  DEBUG io.netty.handler.ssl.JdkSslContext - Default cipher suites (JDK): [TLS_ECDHE_ECDSA_WITH_AES_256_GCM_SHA384, TLS_ECDHE_ECDSA_WITH_AES_128_GCM_SHA256, TLS_ECDHE_RSA_WITH_AES_128_GCM_SHA256, TLS_ECDHE_RSA_WITH_AES_256_GCM_SHA384, TLS_ECDHE_RSA_WITH_AES_128_CBC_SHA, TLS_ECDHE_RSA_WITH_AES_256_CBC_SHA, TLS_RSA_WITH_AES_128_GCM_SHA256, TLS_RSA_WITH_AES_128_CBC_SHA, TLS_RSA_WITH_AES_256_CBC_SHA, TLS_AES_128_GCM_SHA256, TLS_AES_256_GCM_SHA384]
19:52:33  DEBUG i.n.c.MultithreadEventLoopGroup - -Dio.netty.eventLoopThreads: 16
19:52:33  DEBUG io.netty.channel.nio.NioEventLoop - -Dio.netty.noKeySetOptimization: false
19:52:33  DEBUG io.netty.channel.nio.NioEventLoop - -Dio.netty.selectorAutoRebuildThreshold: 512
19:52:33  DEBUG i.n.buffer.PooledByteBufAllocator - -Dio.netty.allocator.numHeapArenas: 16
19:52:33  DEBUG i.n.buffer.PooledByteBufAllocator - -Dio.netty.allocator.numDirectArenas: 16
19:52:33  DEBUG i.n.buffer.PooledByteBufAllocator - -Dio.netty.allocator.pageSize: 8192
19:52:33  DEBUG i.n.buffer.PooledByteBufAllocator - -Dio.netty.allocator.maxOrder: 9
19:52:33  DEBUG i.n.buffer.PooledByteBufAllocator - -Dio.netty.allocator.chunkSize: 4194304
19:52:33  DEBUG i.n.buffer.PooledByteBufAllocator - -Dio.netty.allocator.smallCacheSize: 256
19:52:33  DEBUG i.n.buffer.PooledByteBufAllocator - -Dio.netty.allocator.normalCacheSize: 64
19:52:33  DEBUG i.n.buffer.PooledByteBufAllocator - -Dio.netty.allocator.maxCachedBufferCapacity: 32768
19:52:33  DEBUG i.n.buffer.PooledByteBufAllocator - -Dio.netty.allocator.cacheTrimInterval: 8192
19:52:33  DEBUG i.n.buffer.PooledByteBufAllocator - -Dio.netty.allocator.cacheTrimIntervalMillis: 0
19:52:33  DEBUG i.n.buffer.PooledByteBufAllocator - -Dio.netty.allocator.useCacheForAllThreads: false
19:52:33  DEBUG i.n.buffer.PooledByteBufAllocator - -Dio.netty.allocator.maxCachedByteBuffersPerChunk: 1023
19:52:33  DEBUG io.netty.buffer.ByteBufUtil - -Dio.netty.allocator.type: pooled
19:52:33  DEBUG io.netty.buffer.ByteBufUtil - -Dio.netty.threadLocalDirectBufferSize: 0
19:52:33  DEBUG io.netty.buffer.ByteBufUtil - -Dio.netty.maxThreadLocalCharBufferSize: 16384
19:52:36  DEBUG io.netty.channel.DefaultChannelId - -Dio.netty.processId: 57304 (auto-detected)
19:52:36  DEBUG io.netty.util.NetUtil - -Djava.net.preferIPv4Stack: false
19:52:36  DEBUG io.netty.util.NetUtil - -Djava.net.preferIPv6Addresses: false
19:52:36  DEBUG io.netty.util.NetUtilInitializations - Loopback interface: lo (Software Loopback Interface 1, 127.0.0.1)
19:52:36  DEBUG io.netty.util.NetUtil - Failed to get SOMAXCONN from sysctl and file \proc\sys\net\core\somaxconn. Default: 200
19:52:36  DEBUG io.netty.channel.DefaultChannelId - -Dio.netty.machineId: 18:47:3d:ff:fe:8b:ed:65 (auto-detected)
19:52:36  DEBUG io.netty.buffer.AbstractByteBuf - -Dio.netty.buffer.checkAccessible: true
19:52:36  DEBUG io.netty.buffer.AbstractByteBuf - -Dio.netty.buffer.checkBounds: true
19:52:36  DEBUG i.n.util.ResourceLeakDetectorFactory - Loaded default ResourceLeakDetector: io.netty.util.ResourceLeakDetector@7f1c4872
19:52:36  DEBUG o.a.n.channel.NettyConnectListener - Using new Channel '[id: 0x5daafc49, L:/127.0.0.1:63185 - R:localhost/127.0.0.1:20206]' for 'POST' to '/session'
19:52:36  DEBUG io.netty.util.Recycler - -Dio.netty.recycler.maxCapacityPerThread: 4096
19:52:36  DEBUG io.netty.util.Recycler - -Dio.netty.recycler.ratio: 8
19:52:36  DEBUG io.netty.util.Recycler - -Dio.netty.recycler.chunkSize: 32
19:52:36  DEBUG io.netty.util.Recycler - -Dio.netty.recycler.blocking: false
19:52:37  DEBUG i.n.handler.codec.compression.Brotli - brotli4j not in the classpath; Brotli support will be unavailable.
19:52:37  DEBUG o.a.netty.handler.HttpHandler - 

Request DefaultHttpRequest(decodeResult: success, version: HTTP/1.1)
POST /session HTTP/1.1
User-Agent: selenium/4.7.0 (java windows)
Content-Length: 371
Content-Type: application/json; charset=utf-8
host: localhost:20206
accept: */*

Response DefaultHttpResponse(decodeResult: success, version: HTTP/1.1)
HTTP/1.1 200 OK
Content-Type: application/json; charset=utf-8
cache-control: no-cache
content-length: 824

19:52:38  DEBUG o.a.netty.channel.ChannelManager - Adding key: http://localhost:20206 for channel [id: 0x5daafc49, L:/127.0.0.1:63185 - R:localhost/127.0.0.1:20206]
19:52:38  DEBUG o.a.netty.channel.DefaultChannelPool - Entry count for : http://localhost:20206 : 1
19:52:38  DEBUG o.a.n.channel.NettyConnectListener - Using new Channel '[id: 0x847158a3, L:/127.0.0.1:63196 - R:localhost/127.0.0.1:63186]' for 'GET' to '/json/version'
19:52:38  DEBUG o.a.netty.handler.HttpHandler - 

Request DefaultFullHttpRequest(decodeResult: success, version: HTTP/1.1, content: EmptyByteBufBE)
GET /json/version HTTP/1.1
User-Agent: selenium/4.7.0 (java windows)
host: localhost:63186
accept: */*

Response DefaultHttpResponse(decodeResult: success, version: HTTP/1.1)
HTTP/1.1 200 OK
Content-Security-Policy: frame-ancestors 'none'
Content-Type: application/json; charset=UTF-8
content-length: 436

19:52:38  DEBUG o.a.netty.channel.ChannelManager - Adding key: http://localhost:63186 for channel [id: 0x847158a3, L:/127.0.0.1:63196 - R:localhost/127.0.0.1:63186]
19:52:38  DEBUG i.n.util.internal.ThreadLocalRandom - -Dio.netty.initialSeedUniquifier: 0xd5a2e2426b29136c
19:52:38  DEBUG o.a.n.channel.NettyConnectListener - Using new Channel '[id: 0x9672e20b, L:/127.0.0.1:63197 - R:localhost/127.0.0.1:63186]' for 'GET' to '/devtools/browser/d056c5cd-8a6e-48c5-8446-9751a0c4f5d4'
19:52:38  DEBUG o.a.netty.handler.WebSocketHandler - 

Request DefaultFullHttpRequest(decodeResult: success, version: HTTP/1.1, content: EmptyByteBufBE)
GET /devtools/browser/d056c5cd-8a6e-48c5-8446-9751a0c4f5d4 HTTP/1.1
upgrade: websocket
connection: upgrade
sec-websocket-key: Vvd9mZLYw/H0W5cymh2IRg==
sec-websocket-version: 13
origin: http://localhost:63186
host: localhost:63186
accept: */*
user-agent: AHC/2.1

Response DefaultHttpResponse(decodeResult: success, version: HTTP/1.1)
HTTP/1.1 403 Forbidden
Content-Type: text/html
content-length: 241

19:52:38  DEBUG o.a.netty.channel.ChannelManager - Closing Channel [id: 0x9672e20b, L:/127.0.0.1:63197 - R:localhost/127.0.0.1:63186] 
19:52:38  DEBUG o.a.netty.handler.WebSocketHandler - Channel Closed: [id: 0x9672e20b, L:/127.0.0.1:63197 ! R:localhost/127.0.0.1:63186] with attribute DISCARD
19:52:38  INFO  tests.TestBase - Tests start---boardDeletion1
19:52:38  INFO  tests.TestBase - ********************************************************************************************************
19:52:38  INFO  tests.TestBase - Tests start---boardDeletion2
19:52:38  INFO  tests.TestBase - ********************************************************************************************************
