23:58:33  DEBUG org.testng.TestNG - suiteXmlPath: "C:\Users\julia\Documents\QA\QA_Automation\QA\QA37W_Trello\src\test\resources\login.xml"
23:58:33  DEBUG org.testng.internal.Graph - [Graph] ADDING NODE TestBase.setUp()[pri:0, instance:null] 2045031788
23:58:33  DEBUG org.testng.internal.Graph - [Graph] ================ SORTING
23:58:33  DEBUG org.testng.internal.Graph - [Graph] =============== DONE SORTING
23:58:33  DEBUG org.testng.internal.Graph - [Graph] ====== SORTED NODES
23:58:33  DEBUG org.testng.internal.Graph - [Graph] ====== END SORTED NODES
23:58:33  DEBUG org.testng.internal.Graph - [Graph] ADDING NODE TestBase.stop()[pri:0, instance:null] 2136378353
23:58:33  DEBUG org.testng.internal.Graph - [Graph] ================ SORTING
23:58:33  DEBUG org.testng.internal.Graph - [Graph] =============== DONE SORTING
23:58:33  DEBUG org.testng.internal.Graph - [Graph] ====== SORTED NODES
23:58:33  DEBUG org.testng.internal.Graph - [Graph] ====== END SORTED NODES
23:58:33  DEBUG org.testng.internal.Graph - [Graph] ADDING NODE TestBase.startLogger(java.lang.reflect.Method)[pri:0, instance:null] -68692127
23:58:33  DEBUG org.testng.internal.Graph - [Graph] ADDING NODE Login.preCondition()[pri:0, instance:null] -888505181
23:58:33  DEBUG org.testng.internal.Graph - [Graph]   ADDING PREDECESSOR FOR Login.preCondition()[pri:0, instance:null] ==> TestBase.startLogger(java.lang.reflect.Method)[pri:0, instance:null]
23:58:33  DEBUG org.testng.internal.Graph - [Graph]   REMOVED TestBase.startLogger(java.lang.reflect.Method)[pri:0, instance:null] FROM INDEPENDENT OBJECTS
23:58:33  DEBUG org.testng.internal.Graph - [Graph] ================ SORTING
23:58:33  DEBUG org.testng.internal.Graph - [Graph]   ADDING PREDECESSOR FOR Login.preCondition()[pri:0, instance:null] ==> TestBase.startLogger(java.lang.reflect.Method)[pri:0, instance:null]
23:58:33  DEBUG org.testng.internal.Graph - [Graph]   REMOVED PRED TestBase.startLogger(java.lang.reflect.Method)[pri:0, instance:null] FROM NODE Login.preCondition()[pri:0, instance:null]
23:58:33  DEBUG org.testng.internal.Graph - [Graph] =============== DONE SORTING
23:58:33  DEBUG org.testng.internal.Graph - [Graph] ====== SORTED NODES
23:58:33  DEBUG org.testng.internal.Graph - [Graph]               TestBase.startLogger(java.lang.reflect.Method)[pri:0, instance:null]
23:58:33  DEBUG org.testng.internal.Graph - [Graph]               Login.preCondition()[pri:0, instance:null]
23:58:33  DEBUG org.testng.internal.Graph - [Graph] ====== END SORTED NODES
23:58:33  DEBUG org.testng.internal.Graph - [Graph] ADDING NODE TestBase.finishLog()[pri:0, instance:null] 1549693568
23:58:33  DEBUG org.testng.internal.Graph - [Graph] ================ SORTING
23:58:33  DEBUG org.testng.internal.Graph - [Graph] =============== DONE SORTING
23:58:33  DEBUG org.testng.internal.Graph - [Graph] ====== SORTED NODES
23:58:33  DEBUG org.testng.internal.Graph - [Graph] ====== END SORTED NODES
23:58:33  DEBUG org.testng.internal.Graph - [Graph] ADDING NODE TestBase.setUp()[pri:0, instance:tests.Login@2b34d5b3] -303641145
23:58:33  DEBUG org.testng.internal.Graph - [Graph] ================ SORTING
23:58:33  DEBUG org.testng.internal.Graph - [Graph] =============== DONE SORTING
23:58:33  DEBUG org.testng.internal.Graph - [Graph] ====== SORTED NODES
23:58:33  DEBUG org.testng.internal.Graph - [Graph] ====== END SORTED NODES
23:58:33  DEBUG org.testng.internal.Graph - [Graph] ADDING NODE Login.login1()[pri:0, instance:tests.Login@2b34d5b3] -1391439072
23:58:33  DEBUG org.testng.internal.Graph - [Graph] ================ SORTING
23:58:33  DEBUG org.testng.internal.Graph - [Graph] =============== DONE SORTING
23:58:33  DEBUG org.testng.internal.Graph - [Graph] ====== SORTED NODES
23:58:33  DEBUG org.testng.internal.Graph - [Graph] ====== END SORTED NODES
23:58:33  DEBUG org.testng.internal.Graph - [Graph] ADDING NODE TestBase.stop()[pri:0, instance:tests.Login@2b34d5b3] -1766864926
23:58:33  DEBUG org.testng.internal.Graph - [Graph] ================ SORTING
23:58:33  DEBUG org.testng.internal.Graph - [Graph] =============== DONE SORTING
23:58:33  DEBUG org.testng.internal.Graph - [Graph] ====== SORTED NODES
23:58:33  DEBUG org.testng.internal.Graph - [Graph] ====== END SORTED NODES
23:58:33  DEBUG i.n.u.i.l.InternalLoggerFactory - Using SLF4J as the default logging framework
23:58:33  DEBUG io.netty.util.ResourceLeakDetector - -Dio.netty.leakDetection.level: simple
23:58:33  DEBUG io.netty.util.ResourceLeakDetector - -Dio.netty.leakDetection.targetRecords: 4
23:58:33  DEBUG i.n.util.ResourceLeakDetectorFactory - Loaded default ResourceLeakDetector: io.netty.util.ResourceLeakDetector@464a1777
23:58:33  DEBUG i.n.util.internal.PlatformDependent0 - -Dio.netty.noUnsafe: false
23:58:33  DEBUG i.n.util.internal.PlatformDependent0 - Java version: 8
23:58:33  DEBUG i.n.util.internal.PlatformDependent0 - sun.misc.Unsafe.theUnsafe: available
23:58:33  DEBUG i.n.util.internal.PlatformDependent0 - sun.misc.Unsafe.copyMemory: available
23:58:33  DEBUG i.n.util.internal.PlatformDependent0 - sun.misc.Unsafe.storeFence: available
23:58:33  DEBUG i.n.util.internal.PlatformDependent0 - java.nio.Buffer.address: available
23:58:33  DEBUG i.n.util.internal.PlatformDependent0 - direct buffer constructor: available
23:58:33  DEBUG i.n.util.internal.PlatformDependent0 - java.nio.Bits.unaligned: available, true
23:58:33  DEBUG i.n.util.internal.PlatformDependent0 - jdk.internal.misc.Unsafe.allocateUninitializedArray(int): unavailable prior to Java9
23:58:33  DEBUG i.n.util.internal.PlatformDependent0 - java.nio.DirectByteBuffer.<init>(long, int): available
23:58:33  DEBUG i.n.util.internal.PlatformDependent - sun.misc.Unsafe: available
23:58:33  DEBUG i.n.util.internal.PlatformDependent - -Dio.netty.tmpdir: C:\Users\julia\AppData\Local\Temp (java.io.tmpdir)
23:58:33  DEBUG i.n.util.internal.PlatformDependent - -Dio.netty.bitMode: 64 (sun.arch.data.model)
23:58:33  DEBUG i.n.util.internal.PlatformDependent - Platform: Windows
23:58:33  DEBUG i.n.util.internal.PlatformDependent - -Dio.netty.maxDirectMemory: 477626368 bytes
23:58:33  DEBUG i.n.util.internal.PlatformDependent - -Dio.netty.uninitializedArrayAllocationThreshold: -1
23:58:33  DEBUG io.netty.util.internal.CleanerJava6 - java.nio.ByteBuffer.cleaner(): available
23:58:33  DEBUG i.n.util.internal.PlatformDependent - -Dio.netty.noPreferDirect: false
23:58:33  DEBUG i.n.util.internal.PlatformDependent - org.jctools-core.MpscChunkedArrayQueue: available
23:58:33  DEBUG i.n.u.i.InternalThreadLocalMap - -Dio.netty.threadLocalMap.stringBuilder.initialSize: 1024
23:58:33  DEBUG i.n.u.i.InternalThreadLocalMap - -Dio.netty.threadLocalMap.stringBuilder.maxSize: 4096
23:58:33  DEBUG io.netty.handler.ssl.JdkSslContext - Default protocols (JDK): [TLSv1.2] 
23:58:33  DEBUG io.netty.handler.ssl.JdkSslContext - Default cipher suites (JDK): [TLS_ECDHE_ECDSA_WITH_AES_256_GCM_SHA384, TLS_ECDHE_ECDSA_WITH_AES_128_GCM_SHA256, TLS_ECDHE_RSA_WITH_AES_128_GCM_SHA256, TLS_ECDHE_RSA_WITH_AES_256_GCM_SHA384, TLS_ECDHE_RSA_WITH_AES_128_CBC_SHA, TLS_ECDHE_RSA_WITH_AES_256_CBC_SHA, TLS_RSA_WITH_AES_128_GCM_SHA256, TLS_RSA_WITH_AES_128_CBC_SHA, TLS_RSA_WITH_AES_256_CBC_SHA, TLS_AES_128_GCM_SHA256, TLS_AES_256_GCM_SHA384]
23:58:33  DEBUG i.n.c.MultithreadEventLoopGroup - -Dio.netty.eventLoopThreads: 16
23:58:33  DEBUG io.netty.channel.nio.NioEventLoop - -Dio.netty.noKeySetOptimization: false
23:58:33  DEBUG io.netty.channel.nio.NioEventLoop - -Dio.netty.selectorAutoRebuildThreshold: 512
23:58:34  DEBUG i.n.buffer.PooledByteBufAllocator - -Dio.netty.allocator.numHeapArenas: 16
23:58:34  DEBUG i.n.buffer.PooledByteBufAllocator - -Dio.netty.allocator.numDirectArenas: 16
23:58:34  DEBUG i.n.buffer.PooledByteBufAllocator - -Dio.netty.allocator.pageSize: 8192
23:58:34  DEBUG i.n.buffer.PooledByteBufAllocator - -Dio.netty.allocator.maxOrder: 9
23:58:34  DEBUG i.n.buffer.PooledByteBufAllocator - -Dio.netty.allocator.chunkSize: 4194304
23:58:34  DEBUG i.n.buffer.PooledByteBufAllocator - -Dio.netty.allocator.smallCacheSize: 256
23:58:34  DEBUG i.n.buffer.PooledByteBufAllocator - -Dio.netty.allocator.normalCacheSize: 64
23:58:34  DEBUG i.n.buffer.PooledByteBufAllocator - -Dio.netty.allocator.maxCachedBufferCapacity: 32768
23:58:34  DEBUG i.n.buffer.PooledByteBufAllocator - -Dio.netty.allocator.cacheTrimInterval: 8192
23:58:34  DEBUG i.n.buffer.PooledByteBufAllocator - -Dio.netty.allocator.cacheTrimIntervalMillis: 0
23:58:34  DEBUG i.n.buffer.PooledByteBufAllocator - -Dio.netty.allocator.useCacheForAllThreads: false
23:58:34  DEBUG i.n.buffer.PooledByteBufAllocator - -Dio.netty.allocator.maxCachedByteBuffersPerChunk: 1023
23:58:34  DEBUG io.netty.buffer.ByteBufUtil - -Dio.netty.allocator.type: pooled
23:58:34  DEBUG io.netty.buffer.ByteBufUtil - -Dio.netty.threadLocalDirectBufferSize: 0
23:58:34  DEBUG io.netty.buffer.ByteBufUtil - -Dio.netty.maxThreadLocalCharBufferSize: 16384
23:58:36  DEBUG io.netty.channel.DefaultChannelId - -Dio.netty.processId: 64132 (auto-detected)
23:58:36  DEBUG io.netty.util.NetUtil - -Djava.net.preferIPv4Stack: false
23:58:36  DEBUG io.netty.util.NetUtil - -Djava.net.preferIPv6Addresses: false
23:58:36  DEBUG io.netty.util.NetUtilInitializations - Loopback interface: lo (Software Loopback Interface 1, 127.0.0.1)
23:58:36  DEBUG io.netty.util.NetUtil - Failed to get SOMAXCONN from sysctl and file \proc\sys\net\core\somaxconn. Default: 200
23:58:36  DEBUG io.netty.channel.DefaultChannelId - -Dio.netty.machineId: 18:47:3d:ff:fe:8b:ed:65 (auto-detected)
23:58:36  DEBUG io.netty.buffer.AbstractByteBuf - -Dio.netty.buffer.checkAccessible: true
23:58:36  DEBUG io.netty.buffer.AbstractByteBuf - -Dio.netty.buffer.checkBounds: true
23:58:36  DEBUG i.n.util.ResourceLeakDetectorFactory - Loaded default ResourceLeakDetector: io.netty.util.ResourceLeakDetector@4375ac0d
23:58:36  DEBUG o.a.n.channel.NettyConnectListener - Using new Channel '[id: 0xeea01b1a, L:/127.0.0.1:62698 - R:localhost/127.0.0.1:14927]' for 'POST' to '/session'
23:58:36  DEBUG io.netty.util.Recycler - -Dio.netty.recycler.maxCapacityPerThread: 4096
23:58:36  DEBUG io.netty.util.Recycler - -Dio.netty.recycler.ratio: 8
23:58:36  DEBUG io.netty.util.Recycler - -Dio.netty.recycler.chunkSize: 32
23:58:36  DEBUG io.netty.util.Recycler - -Dio.netty.recycler.blocking: false
23:58:37  DEBUG i.n.handler.codec.compression.Brotli - brotli4j not in the classpath; Brotli support will be unavailable.
23:58:37  DEBUG o.a.netty.handler.HttpHandler - 

Request DefaultHttpRequest(decodeResult: success, version: HTTP/1.1)
POST /session HTTP/1.1
User-Agent: selenium/4.7.0 (java windows)
Content-Length: 371
Content-Type: application/json; charset=utf-8
host: localhost:14927
accept: */*

Response DefaultHttpResponse(decodeResult: success, version: HTTP/1.1)
HTTP/1.1 200 OK
Content-Type: application/json; charset=utf-8
cache-control: no-cache
content-length: 823

23:58:37  DEBUG o.a.netty.channel.ChannelManager - Adding key: http://localhost:14927 for channel [id: 0xeea01b1a, L:/127.0.0.1:62698 - R:localhost/127.0.0.1:14927]
23:58:37  DEBUG o.a.n.channel.NettyConnectListener - Using new Channel '[id: 0x3c760977, L:/127.0.0.1:62710 - R:localhost/127.0.0.1:62699]' for 'GET' to '/json/version'
23:58:37  DEBUG o.a.netty.handler.HttpHandler - 

Request DefaultFullHttpRequest(decodeResult: success, version: HTTP/1.1, content: EmptyByteBufBE)
GET /json/version HTTP/1.1
User-Agent: selenium/4.7.0 (java windows)
host: localhost:62699
accept: */*

Response DefaultHttpResponse(decodeResult: success, version: HTTP/1.1)
HTTP/1.1 200 OK
Content-Security-Policy: frame-ancestors 'none'
Content-Type: application/json; charset=UTF-8
content-length: 436

23:58:37  DEBUG o.a.netty.channel.ChannelManager - Adding key: http://localhost:62699 for channel [id: 0x3c760977, L:/127.0.0.1:62710 - R:localhost/127.0.0.1:62699]
23:58:37  DEBUG i.n.util.internal.ThreadLocalRandom - -Dio.netty.initialSeedUniquifier: 0xc36a651ea9381485
23:58:37  DEBUG o.a.n.channel.NettyConnectListener - Using new Channel '[id: 0x96a1b073, L:/127.0.0.1:62711 - R:localhost/127.0.0.1:62699]' for 'GET' to '/devtools/browser/e7b946d0-14d2-4e81-95cb-d2787d7c4ef5'
23:58:37  DEBUG o.a.netty.handler.WebSocketHandler - 

Request DefaultFullHttpRequest(decodeResult: success, version: HTTP/1.1, content: EmptyByteBufBE)
GET /devtools/browser/e7b946d0-14d2-4e81-95cb-d2787d7c4ef5 HTTP/1.1
upgrade: websocket
connection: upgrade
sec-websocket-key: Y/b3F1hC4gMkwgoDZtWSdA==
sec-websocket-version: 13
origin: http://localhost:62699
host: localhost:62699
accept: */*
user-agent: AHC/2.1

Response DefaultHttpResponse(decodeResult: success, version: HTTP/1.1)
HTTP/1.1 403 Forbidden
Content-Type: text/html
content-length: 241

23:58:37  DEBUG o.a.netty.channel.ChannelManager - Closing Channel [id: 0x96a1b073, L:/127.0.0.1:62711 - R:localhost/127.0.0.1:62699] 
23:58:37  DEBUG o.a.netty.handler.WebSocketHandler - Channel Closed: [id: 0x96a1b073, L:/127.0.0.1:62711 ! R:localhost/127.0.0.1:62699] with attribute DISCARD
23:58:37  INFO  tests.TestBase - Tests start---login1
23:58:37  INFO  tests.TestBase - ********************************************************************************************************
