19:53:42  DEBUG org.testng.TestNG - suiteXmlPath: "C:\Users\julia\Documents\QA\QA_Automation\QA\QA37W_Trello\src\test\resources\board.xml"
19:53:42  DEBUG org.testng.internal.Graph - [Graph] ADDING NODE TestBase.setUp()[pri:0, instance:null] 2045031788
19:53:42  DEBUG org.testng.internal.Graph - [Graph] ================ SORTING
19:53:42  DEBUG org.testng.internal.Graph - [Graph] =============== DONE SORTING
19:53:42  DEBUG org.testng.internal.Graph - [Graph] ====== SORTED NODES
19:53:42  DEBUG org.testng.internal.Graph - [Graph] ====== END SORTED NODES
19:53:42  DEBUG org.testng.internal.Graph - [Graph] ADDING NODE TestBase.stop()[pri:0, instance:null] 2136378353
19:53:42  DEBUG org.testng.internal.Graph - [Graph] ================ SORTING
19:53:42  DEBUG org.testng.internal.Graph - [Graph] =============== DONE SORTING
19:53:42  DEBUG org.testng.internal.Graph - [Graph] ====== SORTED NODES
19:53:42  DEBUG org.testng.internal.Graph - [Graph] ====== END SORTED NODES
19:53:42  DEBUG org.testng.internal.Graph - [Graph] ADDING NODE TestBase.startLogger(java.lang.reflect.Method)[pri:0, instance:null] -68692127
19:53:42  DEBUG org.testng.internal.Graph - [Graph] ================ SORTING
19:53:42  DEBUG org.testng.internal.Graph - [Graph] =============== DONE SORTING
19:53:42  DEBUG org.testng.internal.Graph - [Graph] ====== SORTED NODES
19:53:42  DEBUG org.testng.internal.Graph - [Graph] ====== END SORTED NODES
19:53:42  DEBUG org.testng.internal.Graph - [Graph] ADDING NODE TestBase.finishLog()[pri:0, instance:null] 1549693568
19:53:42  DEBUG org.testng.internal.Graph - [Graph] ================ SORTING
19:53:42  DEBUG org.testng.internal.Graph - [Graph] =============== DONE SORTING
19:53:42  DEBUG org.testng.internal.Graph - [Graph] ====== SORTED NODES
19:53:42  DEBUG org.testng.internal.Graph - [Graph] ====== END SORTED NODES
19:53:42  DEBUG org.testng.internal.Graph - [Graph] ADDING NODE TestBase.setUp()[pri:0, instance:tests.BoardDeletion2@2b34d5b3] -303641145
19:53:42  DEBUG org.testng.internal.Graph - [Graph] ================ SORTING
19:53:42  DEBUG org.testng.internal.Graph - [Graph] =============== DONE SORTING
19:53:42  DEBUG org.testng.internal.Graph - [Graph] ====== SORTED NODES
19:53:42  DEBUG org.testng.internal.Graph - [Graph] ====== END SORTED NODES
19:53:42  DEBUG org.testng.internal.Graph - [Graph] ADDING NODE BoardDeletion2.boardDeletion1()[pri:0, instance:tests.BoardDeletion2@2b34d5b3] -2107687042
19:53:42  DEBUG org.testng.internal.Graph - [Graph] ADDING NODE BoardDeletion2.boardDeletion2()[pri:0, instance:tests.BoardDeletion2@2b34d5b3] -2107687073
19:53:42  DEBUG org.testng.internal.Graph - [Graph] ================ SORTING
19:53:42  DEBUG org.testng.internal.Graph - [Graph] =============== DONE SORTING
19:53:42  DEBUG org.testng.internal.Graph - [Graph] ====== SORTED NODES
19:53:42  DEBUG org.testng.internal.Graph - [Graph] ====== END SORTED NODES
19:53:42  DEBUG org.testng.internal.Graph - [Graph] ADDING NODE TestBase.stop()[pri:0, instance:tests.BoardDeletion2@2b34d5b3] -1766864926
19:53:42  DEBUG org.testng.internal.Graph - [Graph] ================ SORTING
19:53:42  DEBUG org.testng.internal.Graph - [Graph] =============== DONE SORTING
19:53:42  DEBUG org.testng.internal.Graph - [Graph] ====== SORTED NODES
19:53:42  DEBUG org.testng.internal.Graph - [Graph] ====== END SORTED NODES
19:53:42  DEBUG i.n.u.i.l.InternalLoggerFactory - Using SLF4J as the default logging framework
19:53:42  DEBUG io.netty.util.ResourceLeakDetector - -Dio.netty.leakDetection.level: simple
19:53:42  DEBUG io.netty.util.ResourceLeakDetector - -Dio.netty.leakDetection.targetRecords: 4
19:53:42  DEBUG i.n.util.ResourceLeakDetectorFactory - Loaded default ResourceLeakDetector: io.netty.util.ResourceLeakDetector@4227988b
19:53:42  DEBUG i.n.util.internal.PlatformDependent0 - -Dio.netty.noUnsafe: false
19:53:42  DEBUG i.n.util.internal.PlatformDependent0 - Java version: 8
19:53:42  DEBUG i.n.util.internal.PlatformDependent0 - sun.misc.Unsafe.theUnsafe: available
19:53:42  DEBUG i.n.util.internal.PlatformDependent0 - sun.misc.Unsafe.copyMemory: available
19:53:42  DEBUG i.n.util.internal.PlatformDependent0 - sun.misc.Unsafe.storeFence: available
19:53:42  DEBUG i.n.util.internal.PlatformDependent0 - java.nio.Buffer.address: available
19:53:42  DEBUG i.n.util.internal.PlatformDependent0 - direct buffer constructor: available
19:53:42  DEBUG i.n.util.internal.PlatformDependent0 - java.nio.Bits.unaligned: available, true
19:53:42  DEBUG i.n.util.internal.PlatformDependent0 - jdk.internal.misc.Unsafe.allocateUninitializedArray(int): unavailable prior to Java9
19:53:42  DEBUG i.n.util.internal.PlatformDependent0 - java.nio.DirectByteBuffer.<init>(long, int): available
19:53:42  DEBUG i.n.util.internal.PlatformDependent - sun.misc.Unsafe: available
19:53:42  DEBUG i.n.util.internal.PlatformDependent - -Dio.netty.tmpdir: C:\Users\julia\AppData\Local\Temp (java.io.tmpdir)
19:53:42  DEBUG i.n.util.internal.PlatformDependent - -Dio.netty.bitMode: 64 (sun.arch.data.model)
19:53:42  DEBUG i.n.util.internal.PlatformDependent - Platform: Windows
19:53:42  DEBUG i.n.util.internal.PlatformDependent - -Dio.netty.maxDirectMemory: 477626368 bytes
19:53:42  DEBUG i.n.util.internal.PlatformDependent - -Dio.netty.uninitializedArrayAllocationThreshold: -1
19:53:42  DEBUG io.netty.util.internal.CleanerJava6 - java.nio.ByteBuffer.cleaner(): available
19:53:42  DEBUG i.n.util.internal.PlatformDependent - -Dio.netty.noPreferDirect: false
19:53:42  DEBUG i.n.util.internal.PlatformDependent - org.jctools-core.MpscChunkedArrayQueue: available
19:53:42  DEBUG i.n.u.i.InternalThreadLocalMap - -Dio.netty.threadLocalMap.stringBuilder.initialSize: 1024
19:53:42  DEBUG i.n.u.i.InternalThreadLocalMap - -Dio.netty.threadLocalMap.stringBuilder.maxSize: 4096
19:53:43  DEBUG io.netty.handler.ssl.JdkSslContext - Default protocols (JDK): [TLSv1.2] 
19:53:43  DEBUG io.netty.handler.ssl.JdkSslContext - Default cipher suites (JDK): [TLS_ECDHE_ECDSA_WITH_AES_256_GCM_SHA384, TLS_ECDHE_ECDSA_WITH_AES_128_GCM_SHA256, TLS_ECDHE_RSA_WITH_AES_128_GCM_SHA256, TLS_ECDHE_RSA_WITH_AES_256_GCM_SHA384, TLS_ECDHE_RSA_WITH_AES_128_CBC_SHA, TLS_ECDHE_RSA_WITH_AES_256_CBC_SHA, TLS_RSA_WITH_AES_128_GCM_SHA256, TLS_RSA_WITH_AES_128_CBC_SHA, TLS_RSA_WITH_AES_256_CBC_SHA, TLS_AES_128_GCM_SHA256, TLS_AES_256_GCM_SHA384]
19:53:43  DEBUG i.n.c.MultithreadEventLoopGroup - -Dio.netty.eventLoopThreads: 16
19:53:43  DEBUG io.netty.channel.nio.NioEventLoop - -Dio.netty.noKeySetOptimization: false
19:53:43  DEBUG io.netty.channel.nio.NioEventLoop - -Dio.netty.selectorAutoRebuildThreshold: 512
19:53:43  DEBUG i.n.buffer.PooledByteBufAllocator - -Dio.netty.allocator.numHeapArenas: 16
19:53:43  DEBUG i.n.buffer.PooledByteBufAllocator - -Dio.netty.allocator.numDirectArenas: 16
19:53:43  DEBUG i.n.buffer.PooledByteBufAllocator - -Dio.netty.allocator.pageSize: 8192
19:53:43  DEBUG i.n.buffer.PooledByteBufAllocator - -Dio.netty.allocator.maxOrder: 9
19:53:43  DEBUG i.n.buffer.PooledByteBufAllocator - -Dio.netty.allocator.chunkSize: 4194304
19:53:43  DEBUG i.n.buffer.PooledByteBufAllocator - -Dio.netty.allocator.smallCacheSize: 256
19:53:43  DEBUG i.n.buffer.PooledByteBufAllocator - -Dio.netty.allocator.normalCacheSize: 64
19:53:43  DEBUG i.n.buffer.PooledByteBufAllocator - -Dio.netty.allocator.maxCachedBufferCapacity: 32768
19:53:43  DEBUG i.n.buffer.PooledByteBufAllocator - -Dio.netty.allocator.cacheTrimInterval: 8192
19:53:43  DEBUG i.n.buffer.PooledByteBufAllocator - -Dio.netty.allocator.cacheTrimIntervalMillis: 0
19:53:43  DEBUG i.n.buffer.PooledByteBufAllocator - -Dio.netty.allocator.useCacheForAllThreads: false
19:53:43  DEBUG i.n.buffer.PooledByteBufAllocator - -Dio.netty.allocator.maxCachedByteBuffersPerChunk: 1023
19:53:43  DEBUG io.netty.buffer.ByteBufUtil - -Dio.netty.allocator.type: pooled
19:53:43  DEBUG io.netty.buffer.ByteBufUtil - -Dio.netty.threadLocalDirectBufferSize: 0
19:53:43  DEBUG io.netty.buffer.ByteBufUtil - -Dio.netty.maxThreadLocalCharBufferSize: 16384
19:53:45  DEBUG io.netty.channel.DefaultChannelId - -Dio.netty.processId: 52228 (auto-detected)
19:53:45  DEBUG io.netty.util.NetUtil - -Djava.net.preferIPv4Stack: false
19:53:45  DEBUG io.netty.util.NetUtil - -Djava.net.preferIPv6Addresses: false
19:53:45  DEBUG io.netty.util.NetUtilInitializations - Loopback interface: lo (Software Loopback Interface 1, 127.0.0.1)
19:53:45  DEBUG io.netty.util.NetUtil - Failed to get SOMAXCONN from sysctl and file \proc\sys\net\core\somaxconn. Default: 200
19:53:46  DEBUG io.netty.channel.DefaultChannelId - -Dio.netty.machineId: 18:47:3d:ff:fe:8b:ed:65 (auto-detected)
19:53:46  DEBUG io.netty.buffer.AbstractByteBuf - -Dio.netty.buffer.checkAccessible: true
19:53:46  DEBUG io.netty.buffer.AbstractByteBuf - -Dio.netty.buffer.checkBounds: true
19:53:46  DEBUG i.n.util.ResourceLeakDetectorFactory - Loaded default ResourceLeakDetector: io.netty.util.ResourceLeakDetector@5c71d74d
19:53:46  DEBUG o.a.n.channel.NettyConnectListener - Using new Channel '[id: 0xd0756cdb, L:/127.0.0.1:63299 - R:localhost/127.0.0.1:48607]' for 'POST' to '/session'
19:53:46  DEBUG io.netty.util.Recycler - -Dio.netty.recycler.maxCapacityPerThread: 4096
19:53:46  DEBUG io.netty.util.Recycler - -Dio.netty.recycler.ratio: 8
19:53:46  DEBUG io.netty.util.Recycler - -Dio.netty.recycler.chunkSize: 32
19:53:46  DEBUG io.netty.util.Recycler - -Dio.netty.recycler.blocking: false
19:53:47  DEBUG i.n.handler.codec.compression.Brotli - brotli4j not in the classpath; Brotli support will be unavailable.
19:53:47  DEBUG o.a.netty.handler.HttpHandler - 

Request DefaultHttpRequest(decodeResult: success, version: HTTP/1.1)
POST /session HTTP/1.1
User-Agent: selenium/4.7.0 (java windows)
Content-Length: 371
Content-Type: application/json; charset=utf-8
host: localhost:48607
accept: */*

Response DefaultHttpResponse(decodeResult: success, version: HTTP/1.1)
HTTP/1.1 200 OK
Content-Type: application/json; charset=utf-8
cache-control: no-cache
content-length: 823

19:53:47  DEBUG o.a.netty.channel.ChannelManager - Adding key: http://localhost:48607 for channel [id: 0xd0756cdb, L:/127.0.0.1:63299 - R:localhost/127.0.0.1:48607]
19:53:47  DEBUG o.a.netty.channel.DefaultChannelPool - Entry count for : http://localhost:48607 : 1
19:53:47  DEBUG o.a.n.channel.NettyConnectListener - Using new Channel '[id: 0x87e4614e, L:/127.0.0.1:63311 - R:localhost/127.0.0.1:63300]' for 'GET' to '/json/version'
19:53:47  DEBUG o.a.netty.handler.HttpHandler - 

Request DefaultFullHttpRequest(decodeResult: success, version: HTTP/1.1, content: EmptyByteBufBE)
GET /json/version HTTP/1.1
User-Agent: selenium/4.7.0 (java windows)
host: localhost:63300
accept: */*

Response DefaultHttpResponse(decodeResult: success, version: HTTP/1.1)
HTTP/1.1 200 OK
Content-Security-Policy: frame-ancestors 'none'
Content-Type: application/json; charset=UTF-8
content-length: 436

19:53:47  DEBUG o.a.netty.channel.ChannelManager - Adding key: http://localhost:63300 for channel [id: 0x87e4614e, L:/127.0.0.1:63311 - R:localhost/127.0.0.1:63300]
19:53:47  DEBUG i.n.util.internal.ThreadLocalRandom - -Dio.netty.initialSeedUniquifier: 0x764c5086b1ce682b
19:53:47  DEBUG o.a.n.channel.NettyConnectListener - Using new Channel '[id: 0xb459c581, L:/127.0.0.1:63312 - R:localhost/127.0.0.1:63300]' for 'GET' to '/devtools/browser/f26f27d4-7fe5-42b2-a9ae-008f33fc6216'
19:53:47  DEBUG o.a.netty.handler.WebSocketHandler - 

Request DefaultFullHttpRequest(decodeResult: success, version: HTTP/1.1, content: EmptyByteBufBE)
GET /devtools/browser/f26f27d4-7fe5-42b2-a9ae-008f33fc6216 HTTP/1.1
upgrade: websocket
connection: upgrade
sec-websocket-key: 8azkgxEHsGJ94qyBdDZq3A==
sec-websocket-version: 13
origin: http://localhost:63300
host: localhost:63300
accept: */*
user-agent: AHC/2.1

Response DefaultHttpResponse(decodeResult: success, version: HTTP/1.1)
HTTP/1.1 403 Forbidden
Content-Type: text/html
content-length: 241

19:53:47  DEBUG o.a.netty.channel.ChannelManager - Closing Channel [id: 0xb459c581, L:/127.0.0.1:63312 - R:localhost/127.0.0.1:63300] 
19:53:47  DEBUG o.a.netty.handler.WebSocketHandler - Channel Closed: [id: 0xb459c581, L:/127.0.0.1:63312 ! R:localhost/127.0.0.1:63300] with attribute DISCARD
19:53:47  INFO  tests.TestBase - Tests start---boardDeletion1
19:53:47  INFO  tests.TestBase - ********************************************************************************************************
19:53:47  INFO  tests.TestBase - Tests start---boardDeletion2
19:53:47  INFO  tests.TestBase - ********************************************************************************************************
