00:06:31  DEBUG org.testng.TestNG - suiteXmlPath: "C:\Users\julia\Documents\QA\QA_Automation\QA\QA37W_Trello\src\test\resources\board.xml"
00:06:31  DEBUG org.testng.internal.Graph - [Graph] ADDING NODE TestBase.setUp()[pri:0, instance:null] 2045031788
00:06:31  DEBUG org.testng.internal.Graph - [Graph] ================ SORTING
00:06:31  DEBUG org.testng.internal.Graph - [Graph] =============== DONE SORTING
00:06:31  DEBUG org.testng.internal.Graph - [Graph] ====== SORTED NODES
00:06:31  DEBUG org.testng.internal.Graph - [Graph] ====== END SORTED NODES
00:06:31  DEBUG org.testng.internal.Graph - [Graph] ADDING NODE TestBase.stop()[pri:0, instance:null] 2136378353
00:06:31  DEBUG org.testng.internal.Graph - [Graph] ================ SORTING
00:06:31  DEBUG org.testng.internal.Graph - [Graph] =============== DONE SORTING
00:06:31  DEBUG org.testng.internal.Graph - [Graph] ====== SORTED NODES
00:06:31  DEBUG org.testng.internal.Graph - [Graph] ====== END SORTED NODES
00:06:31  DEBUG org.testng.internal.Graph - [Graph] ADDING NODE TestBase.startLogger(java.lang.reflect.Method)[pri:0, instance:null] -68692127
00:06:31  DEBUG org.testng.internal.Graph - [Graph] ================ SORTING
00:06:31  DEBUG org.testng.internal.Graph - [Graph] =============== DONE SORTING
00:06:31  DEBUG org.testng.internal.Graph - [Graph] ====== SORTED NODES
00:06:31  DEBUG org.testng.internal.Graph - [Graph] ====== END SORTED NODES
00:06:31  DEBUG org.testng.internal.Graph - [Graph] ADDING NODE TestBase.finishLog()[pri:0, instance:null] 1549693568
00:06:31  DEBUG org.testng.internal.Graph - [Graph] ================ SORTING
00:06:31  DEBUG org.testng.internal.Graph - [Graph] =============== DONE SORTING
00:06:31  DEBUG org.testng.internal.Graph - [Graph] ====== SORTED NODES
00:06:31  DEBUG org.testng.internal.Graph - [Graph] ====== END SORTED NODES
00:06:31  DEBUG org.testng.internal.Graph - [Graph] ADDING NODE TestBase.setUp()[pri:0, instance:null] 2045031788
00:06:31  DEBUG org.testng.internal.Graph - [Graph] ================ SORTING
00:06:31  DEBUG org.testng.internal.Graph - [Graph] =============== DONE SORTING
00:06:31  DEBUG org.testng.internal.Graph - [Graph] ====== SORTED NODES
00:06:31  DEBUG org.testng.internal.Graph - [Graph] ====== END SORTED NODES
00:06:31  DEBUG org.testng.internal.Graph - [Graph] ADDING NODE TestBase.stop()[pri:0, instance:null] 2136378353
00:06:31  DEBUG org.testng.internal.Graph - [Graph] ================ SORTING
00:06:31  DEBUG org.testng.internal.Graph - [Graph] =============== DONE SORTING
00:06:31  DEBUG org.testng.internal.Graph - [Graph] ====== SORTED NODES
00:06:31  DEBUG org.testng.internal.Graph - [Graph] ====== END SORTED NODES
00:06:31  DEBUG org.testng.internal.Graph - [Graph] ADDING NODE TestBase.startLogger(java.lang.reflect.Method)[pri:0, instance:null] -68692127
00:06:31  DEBUG org.testng.internal.Graph - [Graph] ================ SORTING
00:06:31  DEBUG org.testng.internal.Graph - [Graph] =============== DONE SORTING
00:06:31  DEBUG org.testng.internal.Graph - [Graph] ====== SORTED NODES
00:06:31  DEBUG org.testng.internal.Graph - [Graph] ====== END SORTED NODES
00:06:31  DEBUG org.testng.internal.Graph - [Graph] ADDING NODE TestBase.finishLog()[pri:0, instance:null] 1549693568
00:06:31  DEBUG org.testng.internal.Graph - [Graph] ================ SORTING
00:06:31  DEBUG org.testng.internal.Graph - [Graph] =============== DONE SORTING
00:06:31  DEBUG org.testng.internal.Graph - [Graph] ====== SORTED NODES
00:06:31  DEBUG org.testng.internal.Graph - [Graph] ====== END SORTED NODES
00:06:31  DEBUG org.testng.internal.Graph - [Graph] ADDING NODE TestBase.setUp()[pri:0, instance:tests.BoardCreation2@597d179a] 472846254
00:06:31  DEBUG org.testng.internal.Graph - [Graph] ================ SORTING
00:06:31  DEBUG org.testng.internal.Graph - [Graph] =============== DONE SORTING
00:06:31  DEBUG org.testng.internal.Graph - [Graph] ====== SORTED NODES
00:06:31  DEBUG org.testng.internal.Graph - [Graph] ====== END SORTED NODES
00:06:31  DEBUG org.testng.internal.Graph - [Graph] ADDING NODE BoardCreation2.boardCreation9()[pri:0, instance:tests.BoardCreation2@597d179a] 848280717
00:06:31  DEBUG org.testng.internal.Graph - [Graph] ADDING NODE BoardCreation2.boardCreation8()[pri:0, instance:tests.BoardCreation2@597d179a] 848280562
00:06:31  DEBUG org.testng.internal.Graph - [Graph] ADDING NODE BoardDeletion2.boardDeletion1()[pri:0, instance:tests.BoardDeletion2@370bcef2] -1909049155
00:06:31  DEBUG org.testng.internal.Graph - [Graph] ADDING NODE BoardDeletion2.boardDeletion2()[pri:0, instance:tests.BoardDeletion2@370bcef2] -1909049186
00:06:31  DEBUG org.testng.internal.Graph - [Graph] ================ SORTING
00:06:31  DEBUG org.testng.internal.Graph - [Graph] =============== DONE SORTING
00:06:31  DEBUG org.testng.internal.Graph - [Graph] ====== SORTED NODES
00:06:31  DEBUG org.testng.internal.Graph - [Graph] ====== END SORTED NODES
00:06:31  DEBUG org.testng.internal.Graph - [Graph] ADDING NODE TestBase.stop()[pri:0, instance:tests.BoardCreation2@597d179a] -990377527
00:06:31  DEBUG org.testng.internal.Graph - [Graph] ================ SORTING
00:06:31  DEBUG org.testng.internal.Graph - [Graph] =============== DONE SORTING
00:06:31  DEBUG org.testng.internal.Graph - [Graph] ====== SORTED NODES
00:06:31  DEBUG org.testng.internal.Graph - [Graph] ====== END SORTED NODES
00:06:32  DEBUG i.n.u.i.l.InternalLoggerFactory - Using SLF4J as the default logging framework
00:06:32  DEBUG io.netty.util.ResourceLeakDetector - -Dio.netty.leakDetection.level: simple
00:06:32  DEBUG io.netty.util.ResourceLeakDetector - -Dio.netty.leakDetection.targetRecords: 4
00:06:32  DEBUG i.n.util.ResourceLeakDetectorFactory - Loaded default ResourceLeakDetector: io.netty.util.ResourceLeakDetector@4f9ad79a
00:06:32  DEBUG i.n.util.internal.PlatformDependent0 - -Dio.netty.noUnsafe: false
00:06:32  DEBUG i.n.util.internal.PlatformDependent0 - Java version: 8
00:06:32  DEBUG i.n.util.internal.PlatformDependent0 - sun.misc.Unsafe.theUnsafe: available
00:06:32  DEBUG i.n.util.internal.PlatformDependent0 - sun.misc.Unsafe.copyMemory: available
00:06:32  DEBUG i.n.util.internal.PlatformDependent0 - sun.misc.Unsafe.storeFence: available
00:06:32  DEBUG i.n.util.internal.PlatformDependent0 - java.nio.Buffer.address: available
00:06:32  DEBUG i.n.util.internal.PlatformDependent0 - direct buffer constructor: available
00:06:32  DEBUG i.n.util.internal.PlatformDependent0 - java.nio.Bits.unaligned: available, true
00:06:32  DEBUG i.n.util.internal.PlatformDependent0 - jdk.internal.misc.Unsafe.allocateUninitializedArray(int): unavailable prior to Java9
00:06:32  DEBUG i.n.util.internal.PlatformDependent0 - java.nio.DirectByteBuffer.<init>(long, int): available
00:06:32  DEBUG i.n.util.internal.PlatformDependent - sun.misc.Unsafe: available
00:06:32  DEBUG i.n.util.internal.PlatformDependent - -Dio.netty.tmpdir: C:\Users\julia\AppData\Local\Temp (java.io.tmpdir)
00:06:32  DEBUG i.n.util.internal.PlatformDependent - -Dio.netty.bitMode: 64 (sun.arch.data.model)
00:06:32  DEBUG i.n.util.internal.PlatformDependent - Platform: Windows
00:06:32  DEBUG i.n.util.internal.PlatformDependent - -Dio.netty.maxDirectMemory: 477626368 bytes
00:06:32  DEBUG i.n.util.internal.PlatformDependent - -Dio.netty.uninitializedArrayAllocationThreshold: -1
00:06:32  DEBUG io.netty.util.internal.CleanerJava6 - java.nio.ByteBuffer.cleaner(): available
00:06:32  DEBUG i.n.util.internal.PlatformDependent - -Dio.netty.noPreferDirect: false
00:06:32  DEBUG i.n.util.internal.PlatformDependent - org.jctools-core.MpscChunkedArrayQueue: available
00:06:32  DEBUG i.n.u.i.InternalThreadLocalMap - -Dio.netty.threadLocalMap.stringBuilder.initialSize: 1024
00:06:32  DEBUG i.n.u.i.InternalThreadLocalMap - -Dio.netty.threadLocalMap.stringBuilder.maxSize: 4096
00:06:32  DEBUG io.netty.handler.ssl.JdkSslContext - Default protocols (JDK): [TLSv1.2] 
00:06:32  DEBUG io.netty.handler.ssl.JdkSslContext - Default cipher suites (JDK): [TLS_ECDHE_ECDSA_WITH_AES_256_GCM_SHA384, TLS_ECDHE_ECDSA_WITH_AES_128_GCM_SHA256, TLS_ECDHE_RSA_WITH_AES_128_GCM_SHA256, TLS_ECDHE_RSA_WITH_AES_256_GCM_SHA384, TLS_ECDHE_RSA_WITH_AES_128_CBC_SHA, TLS_ECDHE_RSA_WITH_AES_256_CBC_SHA, TLS_RSA_WITH_AES_128_GCM_SHA256, TLS_RSA_WITH_AES_128_CBC_SHA, TLS_RSA_WITH_AES_256_CBC_SHA, TLS_AES_128_GCM_SHA256, TLS_AES_256_GCM_SHA384]
00:06:32  DEBUG i.n.c.MultithreadEventLoopGroup - -Dio.netty.eventLoopThreads: 16
00:06:32  DEBUG io.netty.channel.nio.NioEventLoop - -Dio.netty.noKeySetOptimization: false
00:06:32  DEBUG io.netty.channel.nio.NioEventLoop - -Dio.netty.selectorAutoRebuildThreshold: 512
00:06:32  DEBUG i.n.buffer.PooledByteBufAllocator - -Dio.netty.allocator.numHeapArenas: 16
00:06:32  DEBUG i.n.buffer.PooledByteBufAllocator - -Dio.netty.allocator.numDirectArenas: 16
00:06:32  DEBUG i.n.buffer.PooledByteBufAllocator - -Dio.netty.allocator.pageSize: 8192
00:06:32  DEBUG i.n.buffer.PooledByteBufAllocator - -Dio.netty.allocator.maxOrder: 9
00:06:32  DEBUG i.n.buffer.PooledByteBufAllocator - -Dio.netty.allocator.chunkSize: 4194304
00:06:32  DEBUG i.n.buffer.PooledByteBufAllocator - -Dio.netty.allocator.smallCacheSize: 256
00:06:32  DEBUG i.n.buffer.PooledByteBufAllocator - -Dio.netty.allocator.normalCacheSize: 64
00:06:32  DEBUG i.n.buffer.PooledByteBufAllocator - -Dio.netty.allocator.maxCachedBufferCapacity: 32768
00:06:32  DEBUG i.n.buffer.PooledByteBufAllocator - -Dio.netty.allocator.cacheTrimInterval: 8192
00:06:32  DEBUG i.n.buffer.PooledByteBufAllocator - -Dio.netty.allocator.cacheTrimIntervalMillis: 0
00:06:32  DEBUG i.n.buffer.PooledByteBufAllocator - -Dio.netty.allocator.useCacheForAllThreads: false
00:06:32  DEBUG i.n.buffer.PooledByteBufAllocator - -Dio.netty.allocator.maxCachedByteBuffersPerChunk: 1023
00:06:32  DEBUG io.netty.buffer.ByteBufUtil - -Dio.netty.allocator.type: pooled
00:06:32  DEBUG io.netty.buffer.ByteBufUtil - -Dio.netty.threadLocalDirectBufferSize: 0
00:06:32  DEBUG io.netty.buffer.ByteBufUtil - -Dio.netty.maxThreadLocalCharBufferSize: 16384
00:06:35  DEBUG io.netty.channel.DefaultChannelId - -Dio.netty.processId: 56284 (auto-detected)
00:06:35  DEBUG io.netty.util.NetUtil - -Djava.net.preferIPv4Stack: false
00:06:35  DEBUG io.netty.util.NetUtil - -Djava.net.preferIPv6Addresses: false
00:06:35  DEBUG io.netty.util.NetUtilInitializations - Loopback interface: lo (Software Loopback Interface 1, 127.0.0.1)
00:06:35  DEBUG io.netty.util.NetUtil - Failed to get SOMAXCONN from sysctl and file \proc\sys\net\core\somaxconn. Default: 200
00:06:35  DEBUG io.netty.channel.DefaultChannelId - -Dio.netty.machineId: 18:47:3d:ff:fe:8b:ed:65 (auto-detected)
00:06:35  DEBUG io.netty.buffer.AbstractByteBuf - -Dio.netty.buffer.checkAccessible: true
00:06:35  DEBUG io.netty.buffer.AbstractByteBuf - -Dio.netty.buffer.checkBounds: true
00:06:35  DEBUG i.n.util.ResourceLeakDetectorFactory - Loaded default ResourceLeakDetector: io.netty.util.ResourceLeakDetector@38b28033
00:06:35  DEBUG o.a.n.channel.NettyConnectListener - Using new Channel '[id: 0x18c1b2ec, L:/127.0.0.1:62957 - R:localhost/127.0.0.1:46967]' for 'POST' to '/session'
00:06:35  DEBUG io.netty.util.Recycler - -Dio.netty.recycler.maxCapacityPerThread: 4096
00:06:35  DEBUG io.netty.util.Recycler - -Dio.netty.recycler.ratio: 8
00:06:35  DEBUG io.netty.util.Recycler - -Dio.netty.recycler.chunkSize: 32
00:06:35  DEBUG io.netty.util.Recycler - -Dio.netty.recycler.blocking: false
00:06:36  DEBUG i.n.handler.codec.compression.Brotli - brotli4j not in the classpath; Brotli support will be unavailable.
00:06:36  DEBUG o.a.netty.handler.HttpHandler - 

Request DefaultHttpRequest(decodeResult: success, version: HTTP/1.1)
POST /session HTTP/1.1
User-Agent: selenium/4.7.0 (java windows)
Content-Length: 371
Content-Type: application/json; charset=utf-8
host: localhost:46967
accept: */*

Response DefaultHttpResponse(decodeResult: success, version: HTTP/1.1)
HTTP/1.1 200 OK
Content-Type: application/json; charset=utf-8
cache-control: no-cache
content-length: 823

00:06:36  DEBUG o.a.netty.channel.ChannelManager - Adding key: http://localhost:46967 for channel [id: 0x18c1b2ec, L:/127.0.0.1:62957 - R:localhost/127.0.0.1:46967]
00:06:36  DEBUG o.a.n.channel.NettyConnectListener - Using new Channel '[id: 0xd487c343, L:/127.0.0.1:62967 - R:localhost/127.0.0.1:62958]' for 'GET' to '/json/version'
00:06:36  DEBUG o.a.netty.handler.HttpHandler - 

Request DefaultFullHttpRequest(decodeResult: success, version: HTTP/1.1, content: EmptyByteBufBE)
GET /json/version HTTP/1.1
User-Agent: selenium/4.7.0 (java windows)
host: localhost:62958
accept: */*

Response DefaultHttpResponse(decodeResult: success, version: HTTP/1.1)
HTTP/1.1 200 OK
Content-Security-Policy: frame-ancestors 'none'
Content-Type: application/json; charset=UTF-8
content-length: 436

00:06:36  DEBUG o.a.netty.channel.ChannelManager - Adding key: http://localhost:62958 for channel [id: 0xd487c343, L:/127.0.0.1:62967 - R:localhost/127.0.0.1:62958]
00:06:36  DEBUG i.n.util.internal.ThreadLocalRandom - -Dio.netty.initialSeedUniquifier: 0xd97b86492623117b
00:06:36  DEBUG o.a.n.channel.NettyConnectListener - Using new Channel '[id: 0x1ccf698d, L:/127.0.0.1:62969 - R:localhost/127.0.0.1:62958]' for 'GET' to '/devtools/browser/29719a1e-d35d-4ac9-8b18-f4b477113cb3'
00:06:36  DEBUG o.a.netty.handler.WebSocketHandler - 

Request DefaultFullHttpRequest(decodeResult: success, version: HTTP/1.1, content: EmptyByteBufBE)
GET /devtools/browser/29719a1e-d35d-4ac9-8b18-f4b477113cb3 HTTP/1.1
upgrade: websocket
connection: upgrade
sec-websocket-key: W79J0MClevcgrqMPenNiKg==
sec-websocket-version: 13
origin: http://localhost:62958
host: localhost:62958
accept: */*
user-agent: AHC/2.1

Response DefaultHttpResponse(decodeResult: success, version: HTTP/1.1)
HTTP/1.1 403 Forbidden
Content-Type: text/html
content-length: 241

00:06:36  DEBUG o.a.netty.channel.ChannelManager - Closing Channel [id: 0x1ccf698d, L:/127.0.0.1:62969 - R:localhost/127.0.0.1:62958] 
00:06:36  DEBUG o.a.netty.handler.WebSocketHandler - Channel Closed: [id: 0x1ccf698d, L:/127.0.0.1:62969 ! R:localhost/127.0.0.1:62958] with attribute DISCARD
00:06:36  INFO  tests.TestBase - Tests start---boardCreation8
00:06:36  INFO  tests.TestBase - ********************************************************************************************************
00:06:36  INFO  tests.TestBase - Tests start---boardCreation9
00:06:36  INFO  tests.TestBase - ********************************************************************************************************
00:06:36  INFO  tests.TestBase - Tests start---boardDeletion1
00:06:36  INFO  tests.TestBase - ********************************************************************************************************
00:06:36  INFO  tests.TestBase - Tests start---boardDeletion2
00:06:36  INFO  tests.TestBase - ********************************************************************************************************
