23:52:43  DEBUG org.testng.TestNG - suiteXmlPath: "C:\Users\julia\Documents\QA\QA_Automation\QA\QA37W_Trello\src\test\resources\login.xml"
23:52:43  DEBUG org.testng.internal.Graph - [Graph] ADDING NODE TestBase.setUp()[pri:0, instance:null] 2045031788
23:52:43  DEBUG org.testng.internal.Graph - [Graph] ================ SORTING
23:52:43  DEBUG org.testng.internal.Graph - [Graph] =============== DONE SORTING
23:52:43  DEBUG org.testng.internal.Graph - [Graph] ====== SORTED NODES
23:52:43  DEBUG org.testng.internal.Graph - [Graph] ====== END SORTED NODES
23:52:43  DEBUG org.testng.internal.Graph - [Graph] ADDING NODE TestBase.stop()[pri:0, instance:null] 2136378353
23:52:43  DEBUG org.testng.internal.Graph - [Graph] ================ SORTING
23:52:43  DEBUG org.testng.internal.Graph - [Graph] =============== DONE SORTING
23:52:43  DEBUG org.testng.internal.Graph - [Graph] ====== SORTED NODES
23:52:43  DEBUG org.testng.internal.Graph - [Graph] ====== END SORTED NODES
23:52:43  DEBUG org.testng.internal.Graph - [Graph] ADDING NODE TestBase.startLogger(java.lang.reflect.Method)[pri:0, instance:null] -68692127
23:52:43  DEBUG org.testng.internal.Graph - [Graph] ADDING NODE Login.preCondition()[pri:0, instance:null] -888505181
23:52:43  DEBUG org.testng.internal.Graph - [Graph]   ADDING PREDECESSOR FOR Login.preCondition()[pri:0, instance:null] ==> TestBase.startLogger(java.lang.reflect.Method)[pri:0, instance:null]
23:52:43  DEBUG org.testng.internal.Graph - [Graph]   REMOVED TestBase.startLogger(java.lang.reflect.Method)[pri:0, instance:null] FROM INDEPENDENT OBJECTS
23:52:43  DEBUG org.testng.internal.Graph - [Graph] ================ SORTING
23:52:43  DEBUG org.testng.internal.Graph - [Graph]   ADDING PREDECESSOR FOR Login.preCondition()[pri:0, instance:null] ==> TestBase.startLogger(java.lang.reflect.Method)[pri:0, instance:null]
23:52:43  DEBUG org.testng.internal.Graph - [Graph]   REMOVED PRED TestBase.startLogger(java.lang.reflect.Method)[pri:0, instance:null] FROM NODE Login.preCondition()[pri:0, instance:null]
23:52:43  DEBUG org.testng.internal.Graph - [Graph] =============== DONE SORTING
23:52:43  DEBUG org.testng.internal.Graph - [Graph] ====== SORTED NODES
23:52:43  DEBUG org.testng.internal.Graph - [Graph]               TestBase.startLogger(java.lang.reflect.Method)[pri:0, instance:null]
23:52:43  DEBUG org.testng.internal.Graph - [Graph]               Login.preCondition()[pri:0, instance:null]
23:52:43  DEBUG org.testng.internal.Graph - [Graph] ====== END SORTED NODES
23:52:43  DEBUG org.testng.internal.Graph - [Graph] ADDING NODE TestBase.finishLog()[pri:0, instance:null] 1549693568
23:52:43  DEBUG org.testng.internal.Graph - [Graph] ================ SORTING
23:52:43  DEBUG org.testng.internal.Graph - [Graph] =============== DONE SORTING
23:52:43  DEBUG org.testng.internal.Graph - [Graph] ====== SORTED NODES
23:52:43  DEBUG org.testng.internal.Graph - [Graph] ====== END SORTED NODES
23:52:43  DEBUG org.testng.internal.Graph - [Graph] ADDING NODE TestBase.setUp()[pri:0, instance:tests.Login@2452e67b] -419111281
23:52:43  DEBUG org.testng.internal.Graph - [Graph] ================ SORTING
23:52:43  DEBUG org.testng.internal.Graph - [Graph] =============== DONE SORTING
23:52:43  DEBUG org.testng.internal.Graph - [Graph] ====== SORTED NODES
23:52:43  DEBUG org.testng.internal.Graph - [Graph] ====== END SORTED NODES
23:52:43  DEBUG org.testng.internal.Graph - [Graph] ADDING NODE Login.login1()[pri:0, instance:tests.Login@2452e67b] -1506909208
23:52:43  DEBUG org.testng.internal.Graph - [Graph] ================ SORTING
23:52:43  DEBUG org.testng.internal.Graph - [Graph] =============== DONE SORTING
23:52:43  DEBUG org.testng.internal.Graph - [Graph] ====== SORTED NODES
23:52:43  DEBUG org.testng.internal.Graph - [Graph] ====== END SORTED NODES
23:52:43  DEBUG org.testng.internal.Graph - [Graph] ADDING NODE TestBase.stop()[pri:0, instance:tests.Login@2452e67b] -1882335062
23:52:43  DEBUG org.testng.internal.Graph - [Graph] ================ SORTING
23:52:43  DEBUG org.testng.internal.Graph - [Graph] =============== DONE SORTING
23:52:43  DEBUG org.testng.internal.Graph - [Graph] ====== SORTED NODES
23:52:43  DEBUG org.testng.internal.Graph - [Graph] ====== END SORTED NODES
23:52:44  DEBUG i.n.u.i.l.InternalLoggerFactory - Using SLF4J as the default logging framework
23:52:44  DEBUG io.netty.util.ResourceLeakDetector - -Dio.netty.leakDetection.level: simple
23:52:44  DEBUG io.netty.util.ResourceLeakDetector - -Dio.netty.leakDetection.targetRecords: 4
23:52:44  DEBUG i.n.util.ResourceLeakDetectorFactory - Loaded default ResourceLeakDetector: io.netty.util.ResourceLeakDetector@74d5cfb4
23:52:44  DEBUG i.n.util.internal.PlatformDependent0 - -Dio.netty.noUnsafe: false
23:52:44  DEBUG i.n.util.internal.PlatformDependent0 - Java version: 8
23:52:44  DEBUG i.n.util.internal.PlatformDependent0 - sun.misc.Unsafe.theUnsafe: available
23:52:44  DEBUG i.n.util.internal.PlatformDependent0 - sun.misc.Unsafe.copyMemory: available
23:52:44  DEBUG i.n.util.internal.PlatformDependent0 - sun.misc.Unsafe.storeFence: available
23:52:44  DEBUG i.n.util.internal.PlatformDependent0 - java.nio.Buffer.address: available
23:52:44  DEBUG i.n.util.internal.PlatformDependent0 - direct buffer constructor: available
23:52:44  DEBUG i.n.util.internal.PlatformDependent0 - java.nio.Bits.unaligned: available, true
23:52:44  DEBUG i.n.util.internal.PlatformDependent0 - jdk.internal.misc.Unsafe.allocateUninitializedArray(int): unavailable prior to Java9
23:52:44  DEBUG i.n.util.internal.PlatformDependent0 - java.nio.DirectByteBuffer.<init>(long, int): available
23:52:44  DEBUG i.n.util.internal.PlatformDependent - sun.misc.Unsafe: available
23:52:44  DEBUG i.n.util.internal.PlatformDependent - -Dio.netty.tmpdir: C:\Users\julia\AppData\Local\Temp (java.io.tmpdir)
23:52:44  DEBUG i.n.util.internal.PlatformDependent - -Dio.netty.bitMode: 64 (sun.arch.data.model)
23:52:44  DEBUG i.n.util.internal.PlatformDependent - Platform: Windows
23:52:44  DEBUG i.n.util.internal.PlatformDependent - -Dio.netty.maxDirectMemory: 477626368 bytes
23:52:44  DEBUG i.n.util.internal.PlatformDependent - -Dio.netty.uninitializedArrayAllocationThreshold: -1
23:52:44  DEBUG io.netty.util.internal.CleanerJava6 - java.nio.ByteBuffer.cleaner(): available
23:52:44  DEBUG i.n.util.internal.PlatformDependent - -Dio.netty.noPreferDirect: false
23:52:44  DEBUG i.n.util.internal.PlatformDependent - org.jctools-core.MpscChunkedArrayQueue: available
23:52:44  DEBUG i.n.u.i.InternalThreadLocalMap - -Dio.netty.threadLocalMap.stringBuilder.initialSize: 1024
23:52:44  DEBUG i.n.u.i.InternalThreadLocalMap - -Dio.netty.threadLocalMap.stringBuilder.maxSize: 4096
23:52:44  DEBUG io.netty.handler.ssl.JdkSslContext - Default protocols (JDK): [TLSv1.2] 
23:52:44  DEBUG io.netty.handler.ssl.JdkSslContext - Default cipher suites (JDK): [TLS_ECDHE_ECDSA_WITH_AES_256_GCM_SHA384, TLS_ECDHE_ECDSA_WITH_AES_128_GCM_SHA256, TLS_ECDHE_RSA_WITH_AES_128_GCM_SHA256, TLS_ECDHE_RSA_WITH_AES_256_GCM_SHA384, TLS_ECDHE_RSA_WITH_AES_128_CBC_SHA, TLS_ECDHE_RSA_WITH_AES_256_CBC_SHA, TLS_RSA_WITH_AES_128_GCM_SHA256, TLS_RSA_WITH_AES_128_CBC_SHA, TLS_RSA_WITH_AES_256_CBC_SHA, TLS_AES_128_GCM_SHA256, TLS_AES_256_GCM_SHA384]
23:52:44  DEBUG i.n.c.MultithreadEventLoopGroup - -Dio.netty.eventLoopThreads: 16
23:52:44  DEBUG io.netty.channel.nio.NioEventLoop - -Dio.netty.noKeySetOptimization: false
23:52:44  DEBUG io.netty.channel.nio.NioEventLoop - -Dio.netty.selectorAutoRebuildThreshold: 512
23:52:44  DEBUG i.n.buffer.PooledByteBufAllocator - -Dio.netty.allocator.numHeapArenas: 16
23:52:44  DEBUG i.n.buffer.PooledByteBufAllocator - -Dio.netty.allocator.numDirectArenas: 16
23:52:44  DEBUG i.n.buffer.PooledByteBufAllocator - -Dio.netty.allocator.pageSize: 8192
23:52:44  DEBUG i.n.buffer.PooledByteBufAllocator - -Dio.netty.allocator.maxOrder: 9
23:52:44  DEBUG i.n.buffer.PooledByteBufAllocator - -Dio.netty.allocator.chunkSize: 4194304
23:52:44  DEBUG i.n.buffer.PooledByteBufAllocator - -Dio.netty.allocator.smallCacheSize: 256
23:52:44  DEBUG i.n.buffer.PooledByteBufAllocator - -Dio.netty.allocator.normalCacheSize: 64
23:52:44  DEBUG i.n.buffer.PooledByteBufAllocator - -Dio.netty.allocator.maxCachedBufferCapacity: 32768
23:52:44  DEBUG i.n.buffer.PooledByteBufAllocator - -Dio.netty.allocator.cacheTrimInterval: 8192
23:52:44  DEBUG i.n.buffer.PooledByteBufAllocator - -Dio.netty.allocator.cacheTrimIntervalMillis: 0
23:52:44  DEBUG i.n.buffer.PooledByteBufAllocator - -Dio.netty.allocator.useCacheForAllThreads: false
23:52:44  DEBUG i.n.buffer.PooledByteBufAllocator - -Dio.netty.allocator.maxCachedByteBuffersPerChunk: 1023
23:52:44  DEBUG io.netty.buffer.ByteBufUtil - -Dio.netty.allocator.type: pooled
23:52:44  DEBUG io.netty.buffer.ByteBufUtil - -Dio.netty.threadLocalDirectBufferSize: 0
23:52:44  DEBUG io.netty.buffer.ByteBufUtil - -Dio.netty.maxThreadLocalCharBufferSize: 16384
23:52:45  DEBUG io.netty.channel.DefaultChannelId - -Dio.netty.processId: 20628 (auto-detected)
23:52:45  DEBUG io.netty.util.NetUtil - -Djava.net.preferIPv4Stack: false
23:52:45  DEBUG io.netty.util.NetUtil - -Djava.net.preferIPv6Addresses: false
23:52:45  DEBUG io.netty.util.NetUtilInitializations - Loopback interface: lo (Software Loopback Interface 1, 127.0.0.1)
23:52:45  DEBUG io.netty.util.NetUtil - Failed to get SOMAXCONN from sysctl and file \proc\sys\net\core\somaxconn. Default: 200
23:52:45  DEBUG io.netty.channel.DefaultChannelId - -Dio.netty.machineId: 18:47:3d:ff:fe:8b:ed:65 (auto-detected)
23:52:45  DEBUG io.netty.buffer.AbstractByteBuf - -Dio.netty.buffer.checkAccessible: true
23:52:45  DEBUG io.netty.buffer.AbstractByteBuf - -Dio.netty.buffer.checkBounds: true
23:52:45  DEBUG i.n.util.ResourceLeakDetectorFactory - Loaded default ResourceLeakDetector: io.netty.util.ResourceLeakDetector@36f41378
23:52:45  DEBUG o.a.n.channel.NettyConnectListener - Using new Channel '[id: 0x4bc83094, L:/127.0.0.1:62372 - R:localhost/127.0.0.1:34548]' for 'POST' to '/session'
23:52:45  DEBUG io.netty.util.Recycler - -Dio.netty.recycler.maxCapacityPerThread: 4096
23:52:45  DEBUG io.netty.util.Recycler - -Dio.netty.recycler.ratio: 8
23:52:45  DEBUG io.netty.util.Recycler - -Dio.netty.recycler.chunkSize: 32
23:52:45  DEBUG io.netty.util.Recycler - -Dio.netty.recycler.blocking: false
23:52:46  DEBUG i.n.handler.codec.compression.Brotli - brotli4j not in the classpath; Brotli support will be unavailable.
23:52:46  DEBUG o.a.netty.handler.HttpHandler - 

Request DefaultHttpRequest(decodeResult: success, version: HTTP/1.1)
POST /session HTTP/1.1
User-Agent: selenium/4.7.0 (java windows)
Content-Length: 371
Content-Type: application/json; charset=utf-8
host: localhost:34548
accept: */*

Response DefaultHttpResponse(decodeResult: success, version: HTTP/1.1)
HTTP/1.1 200 OK
Content-Type: application/json; charset=utf-8
cache-control: no-cache
content-length: 824

23:52:46  DEBUG o.a.netty.channel.ChannelManager - Adding key: http://localhost:34548 for channel [id: 0x4bc83094, L:/127.0.0.1:62372 - R:localhost/127.0.0.1:34548]
23:52:46  DEBUG o.a.n.channel.NettyConnectListener - Using new Channel '[id: 0xf68936d5, L:/127.0.0.1:62382 - R:localhost/127.0.0.1:62373]' for 'GET' to '/json/version'
23:52:46  DEBUG o.a.netty.handler.HttpHandler - 

Request DefaultFullHttpRequest(decodeResult: success, version: HTTP/1.1, content: EmptyByteBufBE)
GET /json/version HTTP/1.1
User-Agent: selenium/4.7.0 (java windows)
host: localhost:62373
accept: */*

Response DefaultHttpResponse(decodeResult: success, version: HTTP/1.1)
HTTP/1.1 200 OK
Content-Security-Policy: frame-ancestors 'none'
Content-Type: application/json; charset=UTF-8
content-length: 436

23:52:46  DEBUG o.a.netty.channel.ChannelManager - Adding key: http://localhost:62373 for channel [id: 0xf68936d5, L:/127.0.0.1:62382 - R:localhost/127.0.0.1:62373]
23:52:46  DEBUG i.n.util.internal.ThreadLocalRandom - -Dio.netty.initialSeedUniquifier: 0x8238e44253f35ec8
23:52:46  DEBUG o.a.n.channel.NettyConnectListener - Using new Channel '[id: 0xecef42c8, L:/127.0.0.1:62384 - R:localhost/127.0.0.1:62373]' for 'GET' to '/devtools/browser/4bd3b6fb-19aa-44eb-bf23-9035b2f2f690'
23:52:46  DEBUG o.a.netty.handler.WebSocketHandler - 

Request DefaultFullHttpRequest(decodeResult: success, version: HTTP/1.1, content: EmptyByteBufBE)
GET /devtools/browser/4bd3b6fb-19aa-44eb-bf23-9035b2f2f690 HTTP/1.1
upgrade: websocket
connection: upgrade
sec-websocket-key: Kaz7hn0scBEpnFtZVqunwA==
sec-websocket-version: 13
origin: http://localhost:62373
host: localhost:62373
accept: */*
user-agent: AHC/2.1

Response DefaultHttpResponse(decodeResult: success, version: HTTP/1.1)
HTTP/1.1 403 Forbidden
Content-Type: text/html
content-length: 241

23:52:46  DEBUG o.a.netty.channel.ChannelManager - Closing Channel [id: 0xecef42c8, L:/127.0.0.1:62384 - R:localhost/127.0.0.1:62373] 
23:52:46  DEBUG o.a.netty.handler.WebSocketHandler - Channel Closed: [id: 0xecef42c8, L:/127.0.0.1:62384 ! R:localhost/127.0.0.1:62373] with attribute DISCARD
23:52:46  INFO  tests.TestBase - Tests start---login1
23:52:46  INFO  tests.TestBase - ********************************************************************************************************
