00:01:37  DEBUG org.testng.TestNG - suiteXmlPath: "C:\Users\julia\Documents\QA\QA_Automation\QA\QA37W_Trello\src\test\resources\login.xml"
00:01:37  DEBUG org.testng.internal.Graph - [Graph] ADDING NODE TestBase.setUp()[pri:0, instance:null] 2045031788
00:01:37  DEBUG org.testng.internal.Graph - [Graph] ================ SORTING
00:01:37  DEBUG org.testng.internal.Graph - [Graph] =============== DONE SORTING
00:01:37  DEBUG org.testng.internal.Graph - [Graph] ====== SORTED NODES
00:01:37  DEBUG org.testng.internal.Graph - [Graph] ====== END SORTED NODES
00:01:37  DEBUG org.testng.internal.Graph - [Graph] ADDING NODE TestBase.stop()[pri:0, instance:null] 2136378353
00:01:37  DEBUG org.testng.internal.Graph - [Graph] ================ SORTING
00:01:37  DEBUG org.testng.internal.Graph - [Graph] =============== DONE SORTING
00:01:37  DEBUG org.testng.internal.Graph - [Graph] ====== SORTED NODES
00:01:37  DEBUG org.testng.internal.Graph - [Graph] ====== END SORTED NODES
00:01:37  DEBUG org.testng.internal.Graph - [Graph] ADDING NODE TestBase.startLogger(java.lang.reflect.Method)[pri:0, instance:null] -68692127
00:01:37  DEBUG org.testng.internal.Graph - [Graph] ADDING NODE Login.preCondition()[pri:0, instance:null] -888505181
00:01:37  DEBUG org.testng.internal.Graph - [Graph]   ADDING PREDECESSOR FOR Login.preCondition()[pri:0, instance:null] ==> TestBase.startLogger(java.lang.reflect.Method)[pri:0, instance:null]
00:01:37  DEBUG org.testng.internal.Graph - [Graph]   REMOVED TestBase.startLogger(java.lang.reflect.Method)[pri:0, instance:null] FROM INDEPENDENT OBJECTS
00:01:37  DEBUG org.testng.internal.Graph - [Graph] ================ SORTING
00:01:37  DEBUG org.testng.internal.Graph - [Graph]   ADDING PREDECESSOR FOR Login.preCondition()[pri:0, instance:null] ==> TestBase.startLogger(java.lang.reflect.Method)[pri:0, instance:null]
00:01:37  DEBUG org.testng.internal.Graph - [Graph]   REMOVED PRED TestBase.startLogger(java.lang.reflect.Method)[pri:0, instance:null] FROM NODE Login.preCondition()[pri:0, instance:null]
00:01:37  DEBUG org.testng.internal.Graph - [Graph] =============== DONE SORTING
00:01:37  DEBUG org.testng.internal.Graph - [Graph] ====== SORTED NODES
00:01:37  DEBUG org.testng.internal.Graph - [Graph]               TestBase.startLogger(java.lang.reflect.Method)[pri:0, instance:null]
00:01:37  DEBUG org.testng.internal.Graph - [Graph]               Login.preCondition()[pri:0, instance:null]
00:01:37  DEBUG org.testng.internal.Graph - [Graph] ====== END SORTED NODES
00:01:37  DEBUG org.testng.internal.Graph - [Graph] ADDING NODE TestBase.finishLog()[pri:0, instance:null] 1549693568
00:01:37  DEBUG org.testng.internal.Graph - [Graph] ================ SORTING
00:01:37  DEBUG org.testng.internal.Graph - [Graph] =============== DONE SORTING
00:01:37  DEBUG org.testng.internal.Graph - [Graph] ====== SORTED NODES
00:01:37  DEBUG org.testng.internal.Graph - [Graph] ====== END SORTED NODES
00:01:37  DEBUG org.testng.internal.Graph - [Graph] ADDING NODE TestBase.setUp()[pri:0, instance:tests.Login@2b34d5b3] -303641145
00:01:37  DEBUG org.testng.internal.Graph - [Graph] ================ SORTING
00:01:37  DEBUG org.testng.internal.Graph - [Graph] =============== DONE SORTING
00:01:37  DEBUG org.testng.internal.Graph - [Graph] ====== SORTED NODES
00:01:37  DEBUG org.testng.internal.Graph - [Graph] ====== END SORTED NODES
00:01:37  DEBUG org.testng.internal.Graph - [Graph] ADDING NODE Login.login1()[pri:0, instance:tests.Login@2b34d5b3] -1391439072
00:01:37  DEBUG org.testng.internal.Graph - [Graph] ================ SORTING
00:01:37  DEBUG org.testng.internal.Graph - [Graph] =============== DONE SORTING
00:01:37  DEBUG org.testng.internal.Graph - [Graph] ====== SORTED NODES
00:01:37  DEBUG org.testng.internal.Graph - [Graph] ====== END SORTED NODES
00:01:37  DEBUG org.testng.internal.Graph - [Graph] ADDING NODE TestBase.stop()[pri:0, instance:tests.Login@2b34d5b3] -1766864926
00:01:37  DEBUG org.testng.internal.Graph - [Graph] ================ SORTING
00:01:37  DEBUG org.testng.internal.Graph - [Graph] =============== DONE SORTING
00:01:37  DEBUG org.testng.internal.Graph - [Graph] ====== SORTED NODES
00:01:37  DEBUG org.testng.internal.Graph - [Graph] ====== END SORTED NODES
00:01:37  DEBUG i.n.u.i.l.InternalLoggerFactory - Using SLF4J as the default logging framework
00:01:37  DEBUG io.netty.util.ResourceLeakDetector - -Dio.netty.leakDetection.level: simple
00:01:37  DEBUG io.netty.util.ResourceLeakDetector - -Dio.netty.leakDetection.targetRecords: 4
00:01:37  DEBUG i.n.util.ResourceLeakDetectorFactory - Loaded default ResourceLeakDetector: io.netty.util.ResourceLeakDetector@464a1777
00:01:37  DEBUG i.n.util.internal.PlatformDependent0 - -Dio.netty.noUnsafe: false
00:01:37  DEBUG i.n.util.internal.PlatformDependent0 - Java version: 8
00:01:37  DEBUG i.n.util.internal.PlatformDependent0 - sun.misc.Unsafe.theUnsafe: available
00:01:37  DEBUG i.n.util.internal.PlatformDependent0 - sun.misc.Unsafe.copyMemory: available
00:01:37  DEBUG i.n.util.internal.PlatformDependent0 - sun.misc.Unsafe.storeFence: available
00:01:37  DEBUG i.n.util.internal.PlatformDependent0 - java.nio.Buffer.address: available
00:01:37  DEBUG i.n.util.internal.PlatformDependent0 - direct buffer constructor: available
00:01:37  DEBUG i.n.util.internal.PlatformDependent0 - java.nio.Bits.unaligned: available, true
00:01:37  DEBUG i.n.util.internal.PlatformDependent0 - jdk.internal.misc.Unsafe.allocateUninitializedArray(int): unavailable prior to Java9
00:01:37  DEBUG i.n.util.internal.PlatformDependent0 - java.nio.DirectByteBuffer.<init>(long, int): available
00:01:37  DEBUG i.n.util.internal.PlatformDependent - sun.misc.Unsafe: available
00:01:37  DEBUG i.n.util.internal.PlatformDependent - -Dio.netty.tmpdir: C:\Users\julia\AppData\Local\Temp (java.io.tmpdir)
00:01:37  DEBUG i.n.util.internal.PlatformDependent - -Dio.netty.bitMode: 64 (sun.arch.data.model)
00:01:37  DEBUG i.n.util.internal.PlatformDependent - Platform: Windows
00:01:37  DEBUG i.n.util.internal.PlatformDependent - -Dio.netty.maxDirectMemory: 477626368 bytes
00:01:37  DEBUG i.n.util.internal.PlatformDependent - -Dio.netty.uninitializedArrayAllocationThreshold: -1
00:01:37  DEBUG io.netty.util.internal.CleanerJava6 - java.nio.ByteBuffer.cleaner(): available
00:01:37  DEBUG i.n.util.internal.PlatformDependent - -Dio.netty.noPreferDirect: false
00:01:37  DEBUG i.n.util.internal.PlatformDependent - org.jctools-core.MpscChunkedArrayQueue: available
00:01:37  DEBUG i.n.u.i.InternalThreadLocalMap - -Dio.netty.threadLocalMap.stringBuilder.initialSize: 1024
00:01:37  DEBUG i.n.u.i.InternalThreadLocalMap - -Dio.netty.threadLocalMap.stringBuilder.maxSize: 4096
00:01:37  DEBUG io.netty.handler.ssl.JdkSslContext - Default protocols (JDK): [TLSv1.2] 
00:01:37  DEBUG io.netty.handler.ssl.JdkSslContext - Default cipher suites (JDK): [TLS_ECDHE_ECDSA_WITH_AES_256_GCM_SHA384, TLS_ECDHE_ECDSA_WITH_AES_128_GCM_SHA256, TLS_ECDHE_RSA_WITH_AES_128_GCM_SHA256, TLS_ECDHE_RSA_WITH_AES_256_GCM_SHA384, TLS_ECDHE_RSA_WITH_AES_128_CBC_SHA, TLS_ECDHE_RSA_WITH_AES_256_CBC_SHA, TLS_RSA_WITH_AES_128_GCM_SHA256, TLS_RSA_WITH_AES_128_CBC_SHA, TLS_RSA_WITH_AES_256_CBC_SHA, TLS_AES_128_GCM_SHA256, TLS_AES_256_GCM_SHA384]
00:01:37  DEBUG i.n.c.MultithreadEventLoopGroup - -Dio.netty.eventLoopThreads: 16
00:01:37  DEBUG io.netty.channel.nio.NioEventLoop - -Dio.netty.noKeySetOptimization: false
00:01:37  DEBUG io.netty.channel.nio.NioEventLoop - -Dio.netty.selectorAutoRebuildThreshold: 512
00:01:37  DEBUG i.n.buffer.PooledByteBufAllocator - -Dio.netty.allocator.numHeapArenas: 16
00:01:37  DEBUG i.n.buffer.PooledByteBufAllocator - -Dio.netty.allocator.numDirectArenas: 16
00:01:37  DEBUG i.n.buffer.PooledByteBufAllocator - -Dio.netty.allocator.pageSize: 8192
00:01:37  DEBUG i.n.buffer.PooledByteBufAllocator - -Dio.netty.allocator.maxOrder: 9
00:01:37  DEBUG i.n.buffer.PooledByteBufAllocator - -Dio.netty.allocator.chunkSize: 4194304
00:01:37  DEBUG i.n.buffer.PooledByteBufAllocator - -Dio.netty.allocator.smallCacheSize: 256
00:01:37  DEBUG i.n.buffer.PooledByteBufAllocator - -Dio.netty.allocator.normalCacheSize: 64
00:01:37  DEBUG i.n.buffer.PooledByteBufAllocator - -Dio.netty.allocator.maxCachedBufferCapacity: 32768
00:01:37  DEBUG i.n.buffer.PooledByteBufAllocator - -Dio.netty.allocator.cacheTrimInterval: 8192
00:01:37  DEBUG i.n.buffer.PooledByteBufAllocator - -Dio.netty.allocator.cacheTrimIntervalMillis: 0
00:01:37  DEBUG i.n.buffer.PooledByteBufAllocator - -Dio.netty.allocator.useCacheForAllThreads: false
00:01:37  DEBUG i.n.buffer.PooledByteBufAllocator - -Dio.netty.allocator.maxCachedByteBuffersPerChunk: 1023
00:01:37  DEBUG io.netty.buffer.ByteBufUtil - -Dio.netty.allocator.type: pooled
00:01:37  DEBUG io.netty.buffer.ByteBufUtil - -Dio.netty.threadLocalDirectBufferSize: 0
00:01:37  DEBUG io.netty.buffer.ByteBufUtil - -Dio.netty.maxThreadLocalCharBufferSize: 16384
00:01:40  DEBUG io.netty.channel.DefaultChannelId - -Dio.netty.processId: 52436 (auto-detected)
00:01:40  DEBUG io.netty.util.NetUtil - -Djava.net.preferIPv4Stack: false
00:01:40  DEBUG io.netty.util.NetUtil - -Djava.net.preferIPv6Addresses: false
00:01:40  DEBUG io.netty.util.NetUtilInitializations - Loopback interface: lo (Software Loopback Interface 1, 127.0.0.1)
00:01:40  DEBUG io.netty.util.NetUtil - Failed to get SOMAXCONN from sysctl and file \proc\sys\net\core\somaxconn. Default: 200
00:01:40  DEBUG io.netty.channel.DefaultChannelId - -Dio.netty.machineId: 18:47:3d:ff:fe:8b:ed:65 (auto-detected)
00:01:40  DEBUG io.netty.buffer.AbstractByteBuf - -Dio.netty.buffer.checkAccessible: true
00:01:40  DEBUG io.netty.buffer.AbstractByteBuf - -Dio.netty.buffer.checkBounds: true
00:01:40  DEBUG i.n.util.ResourceLeakDetectorFactory - Loaded default ResourceLeakDetector: io.netty.util.ResourceLeakDetector@377873fb
00:01:40  DEBUG o.a.n.channel.NettyConnectListener - Using new Channel '[id: 0x2c08cac9, L:/127.0.0.1:62800 - R:localhost/127.0.0.1:48582]' for 'POST' to '/session'
00:01:40  DEBUG io.netty.util.Recycler - -Dio.netty.recycler.maxCapacityPerThread: 4096
00:01:40  DEBUG io.netty.util.Recycler - -Dio.netty.recycler.ratio: 8
00:01:40  DEBUG io.netty.util.Recycler - -Dio.netty.recycler.chunkSize: 32
00:01:40  DEBUG io.netty.util.Recycler - -Dio.netty.recycler.blocking: false
00:01:41  DEBUG i.n.handler.codec.compression.Brotli - brotli4j not in the classpath; Brotli support will be unavailable.
00:01:41  DEBUG o.a.netty.handler.HttpHandler - 

Request DefaultHttpRequest(decodeResult: success, version: HTTP/1.1)
POST /session HTTP/1.1
User-Agent: selenium/4.7.0 (java windows)
Content-Length: 371
Content-Type: application/json; charset=utf-8
host: localhost:48582
accept: */*

Response DefaultHttpResponse(decodeResult: success, version: HTTP/1.1)
HTTP/1.1 200 OK
Content-Type: application/json; charset=utf-8
cache-control: no-cache
content-length: 824

00:01:41  DEBUG o.a.netty.channel.ChannelManager - Adding key: http://localhost:48582 for channel [id: 0x2c08cac9, L:/127.0.0.1:62800 - R:localhost/127.0.0.1:48582]
00:01:41  DEBUG o.a.n.channel.NettyConnectListener - Using new Channel '[id: 0x4e800216, L:/127.0.0.1:62810 - R:localhost/127.0.0.1:62801]' for 'GET' to '/json/version'
00:01:41  DEBUG o.a.netty.handler.HttpHandler - 

Request DefaultFullHttpRequest(decodeResult: success, version: HTTP/1.1, content: EmptyByteBufBE)
GET /json/version HTTP/1.1
User-Agent: selenium/4.7.0 (java windows)
host: localhost:62801
accept: */*

Response DefaultHttpResponse(decodeResult: success, version: HTTP/1.1)
HTTP/1.1 200 OK
Content-Security-Policy: frame-ancestors 'none'
Content-Type: application/json; charset=UTF-8
content-length: 436

00:01:41  DEBUG o.a.netty.channel.ChannelManager - Adding key: http://localhost:62801 for channel [id: 0x4e800216, L:/127.0.0.1:62810 - R:localhost/127.0.0.1:62801]
00:01:41  DEBUG i.n.util.internal.ThreadLocalRandom - -Dio.netty.initialSeedUniquifier: 0xad4d31ffb704ed81
00:01:41  DEBUG o.a.n.channel.NettyConnectListener - Using new Channel '[id: 0x2a232072, L:/127.0.0.1:62811 - R:localhost/127.0.0.1:62801]' for 'GET' to '/devtools/browser/800b0849-7f36-499f-b581-b64280523d5d'
00:01:41  DEBUG o.a.netty.handler.WebSocketHandler - 

Request DefaultFullHttpRequest(decodeResult: success, version: HTTP/1.1, content: EmptyByteBufBE)
GET /devtools/browser/800b0849-7f36-499f-b581-b64280523d5d HTTP/1.1
upgrade: websocket
connection: upgrade
sec-websocket-key: nje/zPlnBWO6TqQoHzljig==
sec-websocket-version: 13
origin: http://localhost:62801
host: localhost:62801
accept: */*
user-agent: AHC/2.1

Response DefaultHttpResponse(decodeResult: success, version: HTTP/1.1)
HTTP/1.1 403 Forbidden
Content-Type: text/html
content-length: 241

00:01:41  DEBUG o.a.netty.channel.ChannelManager - Closing Channel [id: 0x2a232072, L:/127.0.0.1:62811 - R:localhost/127.0.0.1:62801] 
00:01:41  DEBUG o.a.netty.handler.WebSocketHandler - Channel Closed: [id: 0x2a232072, L:/127.0.0.1:62811 ! R:localhost/127.0.0.1:62801] with attribute DISCARD
00:01:41  INFO  tests.TestBase - Tests start---login1
00:01:41  INFO  tests.TestBase - ********************************************************************************************************
